mode: set
backend/internal/analytics/analytics_service.go:21.57,23.2 1 1
backend/internal/analytics/analytics_service.go:70.89,72.94 2 0
backend/internal/analytics/analytics_service.go:72.94,74.3 1 0
backend/internal/analytics/analytics_service.go:75.2,75.18 1 0
backend/internal/analytics/analytics_service.go:79.104,81.71 2 0
backend/internal/analytics/analytics_service.go:81.71,83.3 1 0
backend/internal/analytics/analytics_service.go:84.2,84.18 1 0
backend/internal/analytics/analytics_service.go:88.90,89.47 1 0
backend/internal/analytics/analytics_service.go:89.47,91.3 1 0
backend/internal/analytics/analytics_service.go:92.2,92.12 1 0
backend/internal/analytics/analytics_service.go:96.133,98.71 2 0
backend/internal/analytics/analytics_service.go:98.71,100.3 1 0
backend/internal/analytics/analytics_service.go:101.2,101.64 1 0
backend/internal/analytics/analytics_service.go:101.64,103.3 1 0
backend/internal/analytics/analytics_service.go:104.2,104.18 1 0
backend/internal/analytics/analytics_service.go:108.67,110.25 2 0
backend/internal/analytics/analytics_service.go:110.25,112.3 1 0
backend/internal/analytics/analytics_service.go:113.2,113.30 1 0
backend/internal/analytics/analytics_service.go:113.30,115.3 1 0
backend/internal/analytics/analytics_service.go:116.2,116.12 1 0
backend/internal/analytics/analytics_service.go:120.75,122.16 2 0
backend/internal/analytics/analytics_service.go:122.16,124.3 1 0
backend/internal/analytics/analytics_service.go:126.2,128.27 2 0
backend/internal/analytics/analytics_service.go:128.27,132.16 4 0
backend/internal/analytics/analytics_service.go:132.16,134.4 1 0
backend/internal/analytics/analytics_service.go:135.3,135.21 1 0
backend/internal/analytics/analytics_service.go:135.21,137.4 1 0
backend/internal/analytics/analytics_service.go:137.9,137.28 1 0
backend/internal/analytics/analytics_service.go:137.28,139.4 1 0
backend/internal/analytics/analytics_service.go:141.3,151.5 2 0
backend/internal/analytics/analytics_service.go:154.2,154.21 1 0
backend/internal/analytics/analytics_service.go:160.129,164.9 3 0
backend/internal/analytics/analytics_service.go:165.58,167.60 2 0
backend/internal/analytics/analytics_service.go:169.58,171.21 2 0
backend/internal/analytics/analytics_service.go:173.58,175.60 2 0
backend/internal/analytics/analytics_service.go:177.61,179.62 2 0
backend/internal/analytics/analytics_service.go:181.62,183.64 2 0
backend/internal/analytics/analytics_service.go:185.61,187.62 2 0
backend/internal/analytics/analytics_service.go:189.55,191.57 2 0
backend/internal/analytics/analytics_service.go:193.52,195.55 2 0
backend/internal/analytics/analytics_service.go:197.56,199.21 2 0
backend/internal/analytics/analytics_service.go:201.56,203.58 2 0
backend/internal/analytics/analytics_service.go:205.10,207.65 1 0
backend/internal/analytics/analytics_service.go:210.2,210.8 1 0
backend/internal/analytics/analytics_service.go:218.110,219.72 1 0
backend/internal/analytics/analytics_service.go:219.72,221.3 1 0
backend/internal/analytics/analytics_service.go:222.2,222.72 1 0
backend/internal/analytics/analytics_service.go:222.72,224.3 1 0
backend/internal/analytics/analytics_service.go:225.2,225.10 1 0
backend/internal/analytics/analytics_service.go:230.67,231.112 1 0
backend/internal/analytics/analytics_service.go:231.112,233.3 1 0
backend/internal/analytics/analytics_service.go:234.2,235.55 2 0
backend/internal/analytics/analytics_service.go:235.55,237.3 1 0
backend/internal/analytics/analytics_service.go:238.2,238.55 1 0
backend/internal/analytics/analytics_service.go:238.55,240.3 1 0
backend/internal/analytics/analytics_service.go:241.2,243.12 3 0
backend/internal/analytics/analytics_service.go:246.93,250.58 3 0
backend/internal/analytics/analytics_service.go:250.58,252.30 2 0
backend/internal/analytics/analytics_service.go:252.30,254.4 1 0
backend/internal/analytics/analytics_service.go:255.3,255.160 1 0
backend/internal/analytics/analytics_service.go:257.2,258.23 2 0
backend/internal/analytics/analytics_service.go:261.79,264.58 3 0
backend/internal/analytics/analytics_service.go:264.58,266.30 2 0
backend/internal/analytics/analytics_service.go:266.30,268.4 1 0
backend/internal/analytics/analytics_service.go:269.3,269.160 1 0
backend/internal/analytics/analytics_service.go:271.2,272.23 2 0
backend/internal/analytics/analytics_service.go:275.93,279.58 3 0
backend/internal/analytics/analytics_service.go:279.58,281.30 2 0
backend/internal/analytics/analytics_service.go:281.30,283.4 1 0
backend/internal/analytics/analytics_service.go:284.3,284.122 1 0
backend/internal/analytics/analytics_service.go:286.2,287.23 2 0
backend/internal/analytics/analytics_service.go:290.95,292.58 2 0
backend/internal/analytics/analytics_service.go:292.58,294.30 2 0
backend/internal/analytics/analytics_service.go:294.30,296.4 1 0
backend/internal/analytics/analytics_service.go:297.3,297.130 1 0
backend/internal/analytics/analytics_service.go:299.2,301.16 3 0
backend/internal/analytics/analytics_service.go:301.16,303.3 1 0
backend/internal/analytics/analytics_service.go:304.2,306.58 3 0
backend/internal/analytics/analytics_service.go:306.58,308.30 2 0
backend/internal/analytics/analytics_service.go:308.30,310.4 1 0
backend/internal/analytics/analytics_service.go:311.3,311.140 1 0
backend/internal/analytics/analytics_service.go:313.2,314.52 2 0
backend/internal/analytics/analytics_service.go:317.97,320.58 3 0
backend/internal/analytics/analytics_service.go:320.58,322.30 2 0
backend/internal/analytics/analytics_service.go:322.30,324.4 1 0
backend/internal/analytics/analytics_service.go:325.3,325.170 1 0
backend/internal/analytics/analytics_service.go:327.2,328.23 2 0
backend/internal/analytics/analytics_service.go:331.95,336.16 5 0
backend/internal/analytics/analytics_service.go:336.16,338.3 1 0
backend/internal/analytics/analytics_service.go:339.2,343.48 5 0
backend/internal/analytics/analytics_service.go:346.90,352.2 5 0
backend/internal/analytics/analytics_service.go:356.90,357.55 1 0
backend/internal/analytics/analytics_service.go:357.55,359.3 1 0
backend/internal/analytics/analytics_service.go:360.2,360.55 1 0
backend/internal/analytics/analytics_service.go:360.55,362.3 1 0
backend/internal/analytics/analytics_service.go:363.2,363.10 1 0
backend/internal/analytics/analytics_service.go:366.88,369.58 3 0
backend/internal/analytics/analytics_service.go:369.58,371.30 2 0
backend/internal/analytics/analytics_service.go:371.30,373.4 1 0
backend/internal/analytics/analytics_service.go:374.3,374.43 1 0
backend/internal/analytics/analytics_service.go:376.2,377.23 2 0
backend/internal/analytics/analytics_service.go:380.71,386.2 5 0
backend/internal/analytics/analytics_service.go:388.91,391.55 3 0
backend/internal/analytics/analytics_service.go:391.55,393.3 1 0
backend/internal/analytics/analytics_service.go:394.2,394.55 1 0
backend/internal/analytics/analytics_service.go:394.55,396.3 1 0
backend/internal/analytics/analytics_service.go:397.2,398.23 2 0
backend/internal/analytics/analytics_service.go:402.81,407.21 3 0
backend/internal/analytics/analytics_service.go:407.21,409.17 2 0
backend/internal/analytics/analytics_service.go:409.17,411.4 1 0
backend/internal/analytics/analytics_service.go:412.3,412.26 1 0
backend/internal/analytics/analytics_service.go:412.26,414.4 1 0
backend/internal/analytics/analytics_service.go:417.2,418.23 2 0
backend/internal/analytics/analytics_service.go:418.23,420.3 1 0
backend/internal/analytics/analytics_service.go:422.2,425.29 3 0
backend/internal/analytics/analytics_service.go:425.29,427.17 2 0
backend/internal/analytics/analytics_service.go:427.17,430.12 2 0
backend/internal/analytics/analytics_service.go:433.3,434.32 2 0
backend/internal/analytics/analytics_service.go:434.32,447.4 3 0
backend/internal/analytics/analytics_service.go:449.3,453.5 1 0
backend/internal/analytics/analytics_service.go:456.2,456.20 1 0
backend/internal/analytics/analytics_service.go:466.72,469.24 3 0
backend/internal/analytics/analytics_service.go:469.24,471.22 2 0
backend/internal/analytics/analytics_service.go:472.17,473.33 1 0
backend/internal/analytics/analytics_service.go:474.18,475.33 1 0
backend/internal/analytics/analytics_service.go:476.11,477.33 1 0
backend/internal/analytics/analytics_service.go:479.3,479.20 1 0
backend/internal/analytics/analytics_service.go:479.20,481.4 1 0
backend/internal/analytics/analytics_service.go:482.3,483.15 2 0
backend/internal/analytics/analytics_service.go:485.2,485.18 1 0
backend/internal/analytics/analytics_service.go:488.63,493.16 4 0
backend/internal/analytics/analytics_service.go:493.16,495.3 1 0
backend/internal/analytics/analytics_service.go:497.2,498.16 2 0
backend/internal/analytics/analytics_service.go:498.16,500.3 1 0
backend/internal/analytics/analytics_service.go:502.2,502.25 1 0
backend/internal/analytics/analytics_service.go:505.64,508.2 2 0
backend/internal/analytics/analytics_service.go:510.48,513.75 2 0
backend/internal/analytics/analytics_service.go:513.75,515.3 1 0
backend/internal/analytics/analytics_service.go:516.2,516.38 1 0
backend/internal/analytics/analytics_service.go:516.38,518.3 1 0
backend/internal/analytics/analytics_service.go:519.2,519.16 1 0
backend/internal/audit/audit_service.go:58.53,71.49 2 0
backend/internal/audit/audit_service.go:71.49,75.3 2 0
backend/internal/audit/audit_service.go:77.2,77.12 1 0
backend/internal/audit/audit_service.go:81.84,89.2 1 0
backend/internal/audit/audit_service.go:93.86,96.29 2 0
backend/internal/audit/audit_service.go:96.29,98.3 1 0
backend/internal/audit/audit_service.go:99.2,99.29 1 0
backend/internal/audit/audit_service.go:99.29,101.3 1 0
backend/internal/audit/audit_service.go:102.2,102.27 1 0
backend/internal/audit/audit_service.go:102.27,104.3 1 0
backend/internal/audit/audit_service.go:105.2,105.29 1 0
backend/internal/audit/audit_service.go:105.29,107.3 1 0
backend/internal/audit/audit_service.go:108.2,108.27 1 0
backend/internal/audit/audit_service.go:108.27,110.3 1 0
backend/internal/audit/audit_service.go:112.2,113.50 2 0
backend/internal/audit/audit_service.go:113.50,115.3 1 0
backend/internal/audit/audit_service.go:117.2,117.21 1 0
backend/internal/audit/audit_service.go:117.21,119.3 1 0
backend/internal/audit/audit_service.go:120.2,120.25 1 0
backend/internal/audit/audit_service.go:120.25,122.3 1 0
backend/internal/audit/audit_service.go:123.2,123.27 1 0
backend/internal/audit/audit_service.go:123.27,125.3 1 0
backend/internal/audit/audit_service.go:127.2,133.33 3 0
backend/internal/audit/audit_service.go:133.33,135.3 1 0
backend/internal/audit/audit_service.go:137.2,137.25 1 0
backend/internal/auth/auth_middleware.go:24.48,27.30 2 1
backend/internal/auth/auth_middleware.go:27.30,29.23 2 0
backend/internal/auth/auth_middleware.go:29.23,32.4 2 0
backend/internal/auth/auth_middleware.go:34.3,35.64 2 0
backend/internal/auth/auth_middleware.go:35.64,38.4 2 0
backend/internal/auth/auth_middleware.go:40.3,41.21 2 0
backend/internal/auth/auth_middleware.go:41.21,44.4 2 0
backend/internal/auth/auth_middleware.go:46.3,47.17 2 0
backend/internal/auth/auth_middleware.go:47.17,50.4 2 0
backend/internal/auth/auth_middleware.go:53.3,54.17 2 0
backend/internal/auth/auth_middleware.go:54.17,58.4 3 0
backend/internal/auth/auth_middleware.go:59.3,59.14 1 0
backend/internal/auth/auth_middleware.go:59.14,62.4 2 0
backend/internal/auth/auth_middleware.go:65.3,67.26 3 0
backend/internal/auth/auth_middleware.go:67.26,70.4 2 0
backend/internal/auth/auth_middleware.go:73.3,73.33 1 0
backend/internal/auth/auth_middleware.go:73.33,77.4 3 0
backend/internal/auth/auth_middleware.go:80.3,80.37 1 0
backend/internal/auth/auth_middleware.go:80.37,84.4 3 0
backend/internal/auth/auth_middleware.go:87.3,93.26 5 0
backend/internal/auth/auth_middleware.go:93.26,96.4 2 0
backend/internal/auth/auth_middleware.go:99.3,99.29 1 0
backend/internal/auth/auth_middleware.go:99.29,102.4 2 0
backend/internal/auth/auth_middleware.go:105.3,115.11 7 0
backend/internal/auth/auth_middleware.go:120.50,122.13 2 0
backend/internal/auth/auth_middleware.go:122.13,124.3 1 0
backend/internal/auth/auth_middleware.go:125.2,126.9 2 0
backend/internal/auth/auth_middleware.go:126.9,128.3 1 0
backend/internal/auth/auth_middleware.go:129.2,129.13 1 0
backend/internal/auth/auth_middleware.go:133.47,135.13 2 1
backend/internal/auth/auth_middleware.go:135.13,137.3 1 0
backend/internal/auth/auth_middleware.go:138.2,139.9 2 1
backend/internal/auth/auth_middleware.go:139.9,141.3 1 0
backend/internal/auth/auth_middleware.go:142.2,142.15 1 1
backend/internal/auth/auth_service.go:56.47,61.2 1 1
backend/internal/auth/auth_service.go:64.52,66.43 2 0
backend/internal/auth/auth_service.go:66.43,68.3 1 0
backend/internal/auth/auth_service.go:70.2,78.21 5 0
backend/internal/auth/auth_service.go:82.58,84.21 2 0
backend/internal/auth/auth_service.go:84.21,86.3 1 0
backend/internal/auth/auth_service.go:88.2,92.16 5 0
backend/internal/auth/auth_service.go:92.16,94.3 1 0
backend/internal/auth/auth_service.go:96.2,97.16 2 0
backend/internal/auth/auth_service.go:97.16,99.3 1 0
backend/internal/auth/auth_service.go:101.2,102.16 2 0
backend/internal/auth/auth_service.go:102.16,104.3 1 0
backend/internal/auth/auth_service.go:106.2,108.65 2 0
backend/internal/auth/auth_service.go:108.65,110.3 1 0
backend/internal/auth/auth_service.go:111.2,111.19 1 0
backend/internal/auth/auth_service.go:115.56,116.39 1 0
backend/internal/auth/auth_service.go:116.39,118.3 1 0
backend/internal/auth/auth_service.go:120.2,121.30 2 0
backend/internal/auth/auth_service.go:121.30,122.10 1 0
backend/internal/auth/auth_service.go:123.28,124.19 1 0
backend/internal/auth/auth_service.go:125.28,126.19 1 0
backend/internal/auth/auth_service.go:127.28,128.19 1 0
backend/internal/auth/auth_service.go:129.52,130.20 1 0
backend/internal/auth/auth_service.go:134.2,134.15 1 0
backend/internal/auth/auth_service.go:134.15,136.3 1 0
backend/internal/auth/auth_service.go:137.2,137.15 1 0
backend/internal/auth/auth_service.go:137.15,139.3 1 0
backend/internal/auth/auth_service.go:140.2,140.15 1 0
backend/internal/auth/auth_service.go:140.15,142.3 1 0
backend/internal/auth/auth_service.go:143.2,143.16 1 0
backend/internal/auth/auth_service.go:143.16,145.3 1 0
backend/internal/auth/auth_service.go:147.2,147.12 1 0
backend/internal/auth/auth_service.go:151.106,170.16 6 0
backend/internal/auth/auth_service.go:170.16,172.3 1 0
backend/internal/auth/auth_service.go:174.2,190.16 5 0
backend/internal/auth/auth_service.go:190.16,192.3 1 0
backend/internal/auth/auth_service.go:194.2,194.39 1 0
backend/internal/auth/auth_service.go:198.71,201.98 2 0
backend/internal/auth/auth_service.go:201.98,202.58 1 0
backend/internal/auth/auth_service.go:202.58,204.4 1 0
backend/internal/auth/auth_service.go:205.3,205.38 1 0
backend/internal/auth/auth_service.go:207.2,207.16 1 0
backend/internal/auth/auth_service.go:207.16,209.3 1 0
backend/internal/auth/auth_service.go:211.2,211.18 1 0
backend/internal/auth/auth_service.go:211.18,213.3 1 0
backend/internal/auth/auth_service.go:215.2,215.20 1 0
backend/internal/auth/auth_service.go:219.55,224.25 3 0
backend/internal/auth/auth_service.go:224.25,226.3 1 0
backend/internal/auth/auth_service.go:227.2,227.30 1 0
backend/internal/auth/auth_service.go:227.30,229.3 1 0
backend/internal/auth/auth_service.go:230.2,230.12 1 0
backend/internal/auth/auth_service.go:234.66,237.25 3 0
backend/internal/auth/auth_service.go:237.25,238.45 1 0
backend/internal/auth/auth_service.go:238.45,240.4 1 0
backend/internal/auth/auth_service.go:241.3,241.83 1 0
backend/internal/auth/auth_service.go:243.2,243.38 1 0
backend/internal/auth/auth_service.go:247.53,249.2 1 0
backend/internal/auth/auth_service.go:252.57,254.2 1 0
backend/internal/auth/auth_service.go:257.66,263.46 3 0
backend/internal/auth/auth_service.go:263.46,269.3 4 0
backend/internal/auth/auth_service.go:271.2,272.25 2 0
backend/internal/auth/auth_service.go:272.25,274.3 1 0
backend/internal/auth/auth_service.go:275.2,275.12 1 0
backend/internal/auth/auth_service.go:279.70,284.25 2 0
backend/internal/auth/auth_service.go:284.25,286.3 1 0
backend/internal/auth/auth_service.go:287.2,289.12 3 0
backend/internal/auth/auth_service.go:293.46,294.29 1 0
backend/internal/auth/auth_service.go:294.29,296.3 1 0
backend/internal/auth/auth_service.go:297.2,297.45 1 0
backend/internal/config/config.go:47.27,48.17 1 1
backend/internal/config/config.go:48.17,80.3 2 1
backend/internal/config/config.go:81.2,81.17 1 1
backend/internal/config/config.go:84.26,85.21 1 1
backend/internal/config/config.go:85.21,87.3 1 1
backend/internal/config/config.go:88.2,88.17 1 1
backend/internal/config/config.go:91.48,92.38 1 1
backend/internal/config/config.go:92.38,94.3 1 0
backend/internal/config/config.go:95.2,95.17 1 1
backend/internal/config/config.go:98.55,100.15 2 1
backend/internal/config/config.go:100.15,102.3 1 1
backend/internal/config/config.go:103.2,104.16 2 0
backend/internal/config/config.go:104.16,106.3 1 0
backend/internal/config/config.go:107.2,107.15 1 0
backend/internal/config/config.go:110.52,112.15 2 1
backend/internal/config/config.go:112.15,114.3 1 1
backend/internal/config/config.go:115.2,116.16 2 0
backend/internal/config/config.go:116.16,118.3 1 0
backend/internal/config/config.go:119.2,119.15 1 0
backend/internal/config/config.go:122.44,125.26 3 1
backend/internal/config/config.go:125.26,127.20 2 1
backend/internal/config/config.go:127.20,129.4 1 1
backend/internal/config/config.go:131.2,131.15 1 1
backend/internal/config/config.go:134.45,137.26 3 1
backend/internal/config/config.go:137.26,139.20 2 1
backend/internal/config/config.go:139.20,141.4 1 1
backend/internal/config/config.go:143.2,143.15 1 1
backend/internal/errors/errors.go:17.35,19.2 1 0
backend/internal/errors/errors.go:21.71,27.2 1 1
backend/internal/errors/errors.go:29.64,31.2 1 1
backend/internal/errors/errors.go:33.45,35.2 1 1
backend/internal/errors/errors.go:37.42,39.2 1 1
backend/internal/errors/errors.go:41.41,43.2 1 1
backend/internal/errors/errors.go:45.62,47.2 1 1
backend/internal/errors/errors.go:49.69,51.2 1 1
backend/internal/errors/errors.go:53.46,55.2 1 1
backend/internal/errors/errors.go:57.73,59.12 2 1
backend/internal/errors/errors.go:59.12,61.3 1 1
backend/internal/errors/errors.go:62.2,62.43 1 1
backend/internal/errors/errors.go:65.77,67.2 1 1
backend/internal/errors/errors.go:69.58,71.2 1 1
backend/internal/errors/errors.go:73.55,75.2 1 1
backend/internal/errors/errors.go:77.54,79.2 1 1
backend/internal/errors/errors.go:81.75,83.2 1 1
backend/internal/errors/errors.go:85.82,87.2 1 1
backend/internal/errors/errors.go:89.59,91.2 1 1
backend/internal/errors/errors.go:93.47,94.30 1 1
backend/internal/errors/errors.go:94.30,97.25 2 1
backend/internal/errors/errors.go:97.25,99.4 1 1
backend/internal/errors/errors.go:101.3,102.21 2 0
backend/internal/errors/errors.go:102.21,104.4 1 0
backend/internal/errors/errors.go:106.3,106.48 1 0
backend/internal/errors/errors.go:106.48,108.14 2 0
backend/internal/errors/errors.go:108.14,110.5 1 0
backend/internal/errors/errors.go:112.4,113.23 2 0
backend/internal/errors/errors.go:114.23,115.39 1 0
backend/internal/errors/errors.go:116.25,117.41 1 0
backend/internal/errors/errors.go:118.21,119.38 1 0
backend/internal/errors/errors.go:120.21,121.37 1 0
backend/internal/errors/errors.go:122.20,123.37 1 0
backend/internal/errors/errors.go:124.28,125.48 1 0
backend/internal/errors/errors.go:126.12,127.48 1 0
backend/internal/errors/errors.go:130.4,131.10 2 0
backend/internal/errors/errors.go:134.3,140.5 3 0
backend/internal/handlers/analytics_handler.go:21.57,26.2 1 1
backend/internal/handlers/analytics_handler.go:28.64,30.2 2 0
backend/internal/handlers/analytics_handler.go:30.2,38.3 7 0
backend/internal/handlers/analytics_handler.go:41.52,50.16 3 0
backend/internal/handlers/analytics_handler.go:50.16,53.3 2 0
backend/internal/handlers/analytics_handler.go:55.2,55.47 1 0
backend/internal/handlers/analytics_handler.go:58.63,60.16 2 0
backend/internal/handlers/analytics_handler.go:60.16,63.3 2 0
backend/internal/handlers/analytics_handler.go:64.2,64.65 1 0
backend/internal/handlers/analytics_handler.go:67.61,70.16 3 0
backend/internal/handlers/analytics_handler.go:70.16,71.36 1 0
backend/internal/handlers/analytics_handler.go:71.36,74.4 2 0
backend/internal/handlers/analytics_handler.go:75.3,76.9 2 0
backend/internal/handlers/analytics_handler.go:78.2,78.28 1 0
backend/internal/handlers/analytics_handler.go:81.64,83.47 2 0
backend/internal/handlers/analytics_handler.go:83.47,86.3 2 0
backend/internal/handlers/analytics_handler.go:88.2,88.60 1 0
backend/internal/handlers/analytics_handler.go:88.60,91.3 2 0
backend/internal/handlers/analytics_handler.go:93.2,93.45 1 0
backend/internal/handlers/analytics_handler.go:93.45,101.3 2 0
backend/internal/handlers/analytics_handler.go:103.2,103.33 1 0
backend/internal/handlers/analytics_handler.go:106.64,110.51 3 0
backend/internal/handlers/analytics_handler.go:110.51,113.3 2 0
backend/internal/handlers/analytics_handler.go:115.2,116.16 2 0
backend/internal/handlers/analytics_handler.go:116.16,117.36 1 0
backend/internal/handlers/analytics_handler.go:117.36,120.4 2 0
backend/internal/handlers/analytics_handler.go:121.3,122.9 2 0
backend/internal/handlers/analytics_handler.go:125.2,125.45 1 0
backend/internal/handlers/analytics_handler.go:125.45,133.3 2 0
backend/internal/handlers/analytics_handler.go:135.2,135.28 1 0
backend/internal/handlers/analytics_handler.go:138.64,141.60 2 0
backend/internal/handlers/analytics_handler.go:141.60,142.36 1 0
backend/internal/handlers/analytics_handler.go:142.36,145.4 2 0
backend/internal/handlers/analytics_handler.go:146.3,147.9 2 0
backend/internal/handlers/analytics_handler.go:150.2,150.45 1 0
backend/internal/handlers/analytics_handler.go:150.45,158.3 2 0
backend/internal/handlers/analytics_handler.go:160.2,160.71 1 0
backend/internal/handlers/analytics_handler.go:163.54,172.48 2 0
backend/internal/handlers/analytics_handler.go:172.48,174.3 1 0
backend/internal/handlers/analytics_handler.go:176.2,177.16 2 0
backend/internal/handlers/analytics_handler.go:177.16,180.3 2 0
backend/internal/handlers/analytics_handler.go:182.2,182.48 1 0
backend/internal/handlers/audit_handler.go:25.49,27.2 1 1
backend/internal/handlers/audit_handler.go:30.60,32.2 2 0
backend/internal/handlers/audit_handler.go:32.2,42.3 8 0
backend/internal/handlers/audit_handler.go:46.49,53.57 2 0
backend/internal/handlers/audit_handler.go:53.57,55.17 2 0
backend/internal/handlers/audit_handler.go:55.17,58.4 2 0
backend/internal/handlers/audit_handler.go:59.3,60.24 2 0
backend/internal/handlers/audit_handler.go:64.2,64.55 1 0
backend/internal/handlers/audit_handler.go:64.55,66.17 2 0
backend/internal/handlers/audit_handler.go:66.17,69.4 2 0
backend/internal/handlers/audit_handler.go:70.3,70.24 1 0
backend/internal/handlers/audit_handler.go:72.2,72.49 1 0
backend/internal/handlers/audit_handler.go:72.49,74.17 2 0
backend/internal/handlers/audit_handler.go:74.17,77.4 2 0
backend/internal/handlers/audit_handler.go:78.3,78.22 1 0
backend/internal/handlers/audit_handler.go:82.2,86.16 4 0
backend/internal/handlers/audit_handler.go:86.16,90.3 3 0
backend/internal/handlers/audit_handler.go:92.2,97.4 1 0
backend/internal/handlers/audit_handler.go:101.47,104.16 3 0
backend/internal/handlers/audit_handler.go:104.16,107.3 2 0
backend/internal/handlers/audit_handler.go:109.2,111.25 3 0
backend/internal/handlers/audit_handler.go:111.25,112.45 1 0
backend/internal/handlers/audit_handler.go:112.45,115.4 2 0
backend/internal/handlers/audit_handler.go:116.3,118.9 3 0
backend/internal/handlers/audit_handler.go:121.2,121.33 1 0
backend/internal/handlers/audit_handler.go:125.51,127.2 1 0
backend/internal/handlers/audit_handler.go:130.59,133.14 3 0
backend/internal/handlers/audit_handler.go:133.14,135.3 1 0
backend/internal/handlers/audit_handler.go:136.2,136.18 1 0
backend/internal/handlers/audit_handler.go:136.18,138.3 1 0
backend/internal/handlers/audit_handler.go:139.2,139.20 1 0
backend/internal/handlers/audit_handler.go:139.20,141.3 1 0
backend/internal/handlers/audit_handler.go:143.2,149.25 6 0
backend/internal/handlers/audit_handler.go:149.25,153.3 3 0
backend/internal/handlers/audit_handler.go:155.2,160.4 1 0
backend/internal/handlers/audit_handler.go:171.60,173.17 2 0
backend/internal/handlers/audit_handler.go:173.17,176.3 2 0
backend/internal/handlers/audit_handler.go:178.2,179.48 2 0
backend/internal/handlers/audit_handler.go:179.48,182.3 2 0
backend/internal/handlers/audit_handler.go:184.2,192.52 2 0
backend/internal/handlers/audit_handler.go:192.52,196.3 3 0
backend/internal/handlers/audit_handler.go:198.2,207.37 2 0
backend/internal/handlers/audit_handler.go:211.57,214.16 3 0
backend/internal/handlers/audit_handler.go:214.16,217.3 2 0
backend/internal/handlers/audit_handler.go:219.2,221.25 3 0
backend/internal/handlers/audit_handler.go:221.25,222.45 1 0
backend/internal/handlers/audit_handler.go:222.45,225.4 2 0
backend/internal/handlers/audit_handler.go:226.3,228.9 3 0
backend/internal/handlers/audit_handler.go:231.2,231.32 1 0
backend/internal/handlers/audit_handler.go:236.61,238.17 2 0
backend/internal/handlers/audit_handler.go:238.17,241.3 2 0
backend/internal/handlers/audit_handler.go:243.2,245.16 3 0
backend/internal/handlers/audit_handler.go:245.16,248.3 2 0
backend/internal/handlers/audit_handler.go:250.2,252.25 3 0
backend/internal/handlers/audit_handler.go:252.25,253.45 1 0
backend/internal/handlers/audit_handler.go:253.45,256.4 2 0
backend/internal/handlers/audit_handler.go:257.3,259.9 3 0
backend/internal/handlers/audit_handler.go:263.2,263.73 1 0
backend/internal/handlers/audit_handler.go:263.73,266.3 2 0
backend/internal/handlers/audit_handler.go:269.2,269.36 1 0
backend/internal/handlers/audit_handler.go:269.36,272.3 2 0
backend/internal/handlers/audit_handler.go:275.2,275.32 1 0
backend/internal/handlers/audit_handler.go:275.32,281.24 3 0
backend/internal/handlers/audit_handler.go:281.24,285.4 3 0
backend/internal/handlers/audit_handler.go:287.3,301.9 3 0
backend/internal/handlers/audit_handler.go:305.2,305.37 1 0
backend/internal/handlers/audit_handler.go:305.37,308.3 2 0
backend/internal/handlers/audit_handler.go:310.2,315.23 3 0
backend/internal/handlers/audit_handler.go:315.23,319.3 3 0
backend/internal/handlers/audit_handler.go:321.2,334.4 2 0
backend/internal/handlers/audit_handler.go:338.61,340.17 2 0
backend/internal/handlers/audit_handler.go:340.17,343.3 2 0
backend/internal/handlers/audit_handler.go:345.2,347.16 3 0
backend/internal/handlers/audit_handler.go:347.16,350.3 2 0
backend/internal/handlers/audit_handler.go:352.2,354.25 3 0
backend/internal/handlers/audit_handler.go:354.25,355.45 1 0
backend/internal/handlers/audit_handler.go:355.45,358.4 2 0
backend/internal/handlers/audit_handler.go:359.3,361.9 3 0
backend/internal/handlers/audit_handler.go:364.2,364.33 1 0
backend/internal/handlers/audit_handler.go:364.33,367.3 2 0
backend/internal/handlers/audit_handler.go:370.2,372.31 2 0
backend/internal/handlers/audit_handler.go:372.31,376.3 3 0
backend/internal/handlers/audit_handler.go:378.2,397.4 4 0
backend/internal/handlers/auth_handler.go:25.47,30.2 1 1
backend/internal/handlers/auth_handler.go:33.59,35.2 2 0
backend/internal/handlers/auth_handler.go:35.2,39.3 3 0
backend/internal/handlers/auth_handler.go:66.45,68.47 2 0
backend/internal/handlers/auth_handler.go:68.47,71.3 2 0
backend/internal/handlers/auth_handler.go:74.2,76.25 3 0
backend/internal/handlers/auth_handler.go:76.25,77.45 1 0
backend/internal/handlers/auth_handler.go:77.45,88.4 3 0
backend/internal/handlers/auth_handler.go:89.3,91.9 3 0
backend/internal/handlers/auth_handler.go:95.2,95.33 1 0
backend/internal/handlers/auth_handler.go:95.33,98.3 2 0
backend/internal/handlers/auth_handler.go:101.2,101.29 1 0
backend/internal/handlers/auth_handler.go:101.29,104.3 2 0
backend/internal/handlers/auth_handler.go:107.2,108.16 2 0
backend/internal/handlers/auth_handler.go:108.16,112.3 3 0
backend/internal/handlers/auth_handler.go:114.2,114.12 1 0
backend/internal/handlers/auth_handler.go:114.12,126.3 4 0
backend/internal/handlers/auth_handler.go:129.2,129.63 1 0
backend/internal/handlers/auth_handler.go:129.63,131.3 1 0
backend/internal/handlers/auth_handler.go:134.2,135.16 2 0
backend/internal/handlers/auth_handler.go:135.16,139.3 3 0
backend/internal/handlers/auth_handler.go:142.2,143.16 2 0
backend/internal/handlers/auth_handler.go:143.16,147.3 3 0
backend/internal/handlers/auth_handler.go:150.2,160.52 3 0
backend/internal/handlers/auth_handler.go:160.52,164.3 3 0
backend/internal/handlers/auth_handler.go:167.2,187.4 2 0
backend/internal/handlers/auth_handler.go:191.46,193.19 2 0
backend/internal/handlers/auth_handler.go:193.19,196.3 2 0
backend/internal/handlers/auth_handler.go:198.2,200.59 2 0
backend/internal/handlers/auth_handler.go:200.59,204.3 3 0
backend/internal/handlers/auth_handler.go:207.2,208.17 2 0
backend/internal/handlers/auth_handler.go:208.17,210.3 1 0
backend/internal/handlers/auth_handler.go:211.2,220.68 2 0
backend/internal/handlers/auth_handler.go:229.47,231.47 2 0
backend/internal/handlers/auth_handler.go:231.47,234.3 2 0
backend/internal/handlers/auth_handler.go:237.2,238.16 2 0
backend/internal/handlers/auth_handler.go:238.16,241.3 2 0
backend/internal/handlers/auth_handler.go:244.2,245.16 2 0
backend/internal/handlers/auth_handler.go:245.16,249.3 3 0
backend/internal/handlers/auth_handler.go:250.2,250.13 1 0
backend/internal/handlers/auth_handler.go:250.13,253.3 2 0
backend/internal/handlers/auth_handler.go:256.2,258.25 3 0
backend/internal/handlers/auth_handler.go:258.25,261.3 2 0
backend/internal/handlers/auth_handler.go:264.2,265.16 2 0
backend/internal/handlers/auth_handler.go:265.16,269.3 3 0
backend/internal/handlers/auth_handler.go:272.2,273.16 2 0
backend/internal/handlers/auth_handler.go:273.16,277.3 3 0
backend/internal/handlers/auth_handler.go:280.2,290.52 3 0
backend/internal/handlers/auth_handler.go:290.52,294.3 3 0
backend/internal/handlers/auth_handler.go:297.2,302.4 2 0
backend/internal/handlers/ingestion_handler.go:29.57,35.2 1 1
backend/internal/handlers/ingestion_handler.go:38.64,40.2 2 0
backend/internal/handlers/ingestion_handler.go:40.2,59.3 16 0
backend/internal/handlers/ingestion_handler.go:85.56,87.17 2 0
backend/internal/handlers/ingestion_handler.go:87.17,90.3 2 0
backend/internal/handlers/ingestion_handler.go:91.2,91.54 1 0
backend/internal/handlers/ingestion_handler.go:91.54,94.3 2 0
backend/internal/handlers/ingestion_handler.go:96.2,98.14 3 0
backend/internal/handlers/ingestion_handler.go:98.14,100.3 1 0
backend/internal/handlers/ingestion_handler.go:101.2,101.18 1 0
backend/internal/handlers/ingestion_handler.go:101.18,103.3 1 0
backend/internal/handlers/ingestion_handler.go:104.2,104.20 1 0
backend/internal/handlers/ingestion_handler.go:104.20,106.3 1 0
backend/internal/handlers/ingestion_handler.go:108.2,110.60 2 0
backend/internal/handlers/ingestion_handler.go:110.60,112.3 1 0
backend/internal/handlers/ingestion_handler.go:113.2,113.54 1 0
backend/internal/handlers/ingestion_handler.go:113.54,115.3 1 0
backend/internal/handlers/ingestion_handler.go:117.2,118.50 2 0
backend/internal/handlers/ingestion_handler.go:118.50,121.3 2 0
backend/internal/handlers/ingestion_handler.go:123.2,125.107 3 0
backend/internal/handlers/ingestion_handler.go:125.107,128.3 2 0
backend/internal/handlers/ingestion_handler.go:130.2,131.29 2 0
backend/internal/handlers/ingestion_handler.go:131.29,133.3 1 0
backend/internal/handlers/ingestion_handler.go:135.2,141.4 1 0
backend/internal/handlers/ingestion_handler.go:145.57,147.17 2 0
backend/internal/handlers/ingestion_handler.go:147.17,150.3 2 0
backend/internal/handlers/ingestion_handler.go:151.2,151.56 1 0
backend/internal/handlers/ingestion_handler.go:151.56,154.3 2 0
backend/internal/handlers/ingestion_handler.go:156.2,157.47 2 0
backend/internal/handlers/ingestion_handler.go:157.47,160.3 2 0
backend/internal/handlers/ingestion_handler.go:163.2,168.33 2 0
backend/internal/handlers/ingestion_handler.go:168.33,172.3 2 0
backend/internal/handlers/ingestion_handler.go:175.2,177.16 3 0
backend/internal/handlers/ingestion_handler.go:177.16,180.3 2 0
backend/internal/handlers/ingestion_handler.go:181.2,181.69 1 0
backend/internal/handlers/ingestion_handler.go:181.69,184.3 2 0
backend/internal/handlers/ingestion_handler.go:187.2,188.16 2 0
backend/internal/handlers/ingestion_handler.go:188.16,191.3 2 0
backend/internal/handlers/ingestion_handler.go:193.2,194.29 2 0
backend/internal/handlers/ingestion_handler.go:194.29,196.17 2 0
backend/internal/handlers/ingestion_handler.go:196.17,199.4 2 0
backend/internal/handlers/ingestion_handler.go:200.3,200.26 1 0
backend/internal/handlers/ingestion_handler.go:203.2,204.25 2 0
backend/internal/handlers/ingestion_handler.go:204.25,206.3 1 0
backend/internal/handlers/ingestion_handler.go:208.2,216.51 2 0
backend/internal/handlers/ingestion_handler.go:216.51,220.3 3 0
backend/internal/handlers/ingestion_handler.go:223.2,232.36 2 0
backend/internal/handlers/ingestion_handler.go:236.54,238.17 2 0
backend/internal/handlers/ingestion_handler.go:238.17,241.3 2 0
backend/internal/handlers/ingestion_handler.go:242.2,242.54 1 0
backend/internal/handlers/ingestion_handler.go:242.54,245.3 2 0
backend/internal/handlers/ingestion_handler.go:247.2,248.16 2 0
backend/internal/handlers/ingestion_handler.go:248.16,251.3 2 0
backend/internal/handlers/ingestion_handler.go:253.2,254.54 2 0
backend/internal/handlers/ingestion_handler.go:254.54,255.36 1 0
backend/internal/handlers/ingestion_handler.go:255.36,258.4 2 0
backend/internal/handlers/ingestion_handler.go:259.3,260.9 2 0
backend/internal/handlers/ingestion_handler.go:263.2,263.31 1 0
backend/internal/handlers/ingestion_handler.go:267.57,269.17 2 0
backend/internal/handlers/ingestion_handler.go:269.17,272.3 2 0
backend/internal/handlers/ingestion_handler.go:273.2,273.56 1 0
backend/internal/handlers/ingestion_handler.go:273.56,276.3 2 0
backend/internal/handlers/ingestion_handler.go:278.2,279.16 2 0
backend/internal/handlers/ingestion_handler.go:279.16,282.3 2 0
backend/internal/handlers/ingestion_handler.go:284.2,285.54 2 0
backend/internal/handlers/ingestion_handler.go:285.54,286.36 1 0
backend/internal/handlers/ingestion_handler.go:286.36,289.4 2 0
backend/internal/handlers/ingestion_handler.go:290.3,291.9 2 0
backend/internal/handlers/ingestion_handler.go:294.2,295.47 2 0
backend/internal/handlers/ingestion_handler.go:295.47,298.3 2 0
backend/internal/handlers/ingestion_handler.go:300.2,302.21 2 0
backend/internal/handlers/ingestion_handler.go:302.21,304.3 1 0
backend/internal/handlers/ingestion_handler.go:305.2,305.27 1 0
backend/internal/handlers/ingestion_handler.go:305.27,311.35 2 0
backend/internal/handlers/ingestion_handler.go:311.35,314.4 2 0
backend/internal/handlers/ingestion_handler.go:315.3,315.43 1 0
backend/internal/handlers/ingestion_handler.go:317.2,317.31 1 0
backend/internal/handlers/ingestion_handler.go:317.31,320.28 2 0
backend/internal/handlers/ingestion_handler.go:320.28,322.4 1 0
backend/internal/handlers/ingestion_handler.go:323.3,325.17 3 0
backend/internal/handlers/ingestion_handler.go:325.17,328.4 2 0
backend/internal/handlers/ingestion_handler.go:329.3,329.70 1 0
backend/internal/handlers/ingestion_handler.go:329.70,332.4 2 0
backend/internal/handlers/ingestion_handler.go:334.3,335.17 2 0
backend/internal/handlers/ingestion_handler.go:335.17,338.4 2 0
backend/internal/handlers/ingestion_handler.go:339.3,339.48 1 0
backend/internal/handlers/ingestion_handler.go:341.2,341.29 1 0
backend/internal/handlers/ingestion_handler.go:341.29,343.17 2 0
backend/internal/handlers/ingestion_handler.go:343.17,346.4 2 0
backend/internal/handlers/ingestion_handler.go:347.3,347.44 1 0
backend/internal/handlers/ingestion_handler.go:349.2,349.25 1 0
backend/internal/handlers/ingestion_handler.go:349.25,351.3 1 0
backend/internal/handlers/ingestion_handler.go:353.2,353.23 1 0
backend/internal/handlers/ingestion_handler.go:353.23,356.3 2 0
backend/internal/handlers/ingestion_handler.go:358.2,358.67 1 0
backend/internal/handlers/ingestion_handler.go:358.67,362.3 3 0
backend/internal/handlers/ingestion_handler.go:365.2,376.31 3 0
backend/internal/handlers/ingestion_handler.go:380.57,382.17 2 0
backend/internal/handlers/ingestion_handler.go:382.17,385.3 2 0
backend/internal/handlers/ingestion_handler.go:386.2,386.56 1 0
backend/internal/handlers/ingestion_handler.go:386.56,389.3 2 0
backend/internal/handlers/ingestion_handler.go:391.2,392.16 2 0
backend/internal/handlers/ingestion_handler.go:392.16,395.3 2 0
backend/internal/handlers/ingestion_handler.go:397.2,400.25 2 0
backend/internal/handlers/ingestion_handler.go:400.25,403.3 2 0
backend/internal/handlers/ingestion_handler.go:404.2,404.30 1 0
backend/internal/handlers/ingestion_handler.go:404.30,407.3 2 0
backend/internal/handlers/ingestion_handler.go:409.2,418.70 2 0
backend/internal/handlers/ingestion_handler.go:426.65,428.17 2 0
backend/internal/handlers/ingestion_handler.go:428.17,431.3 2 0
backend/internal/handlers/ingestion_handler.go:432.2,432.54 1 0
backend/internal/handlers/ingestion_handler.go:432.54,435.3 2 0
backend/internal/handlers/ingestion_handler.go:437.2,438.16 2 0
backend/internal/handlers/ingestion_handler.go:438.16,441.3 2 0
backend/internal/handlers/ingestion_handler.go:444.2,448.55 4 0
backend/internal/handlers/ingestion_handler.go:448.55,450.87 2 0
backend/internal/handlers/ingestion_handler.go:450.87,452.4 1 0
backend/internal/handlers/ingestion_handler.go:453.8,456.55 2 0
backend/internal/handlers/ingestion_handler.go:456.55,459.4 2 0
backend/internal/handlers/ingestion_handler.go:460.3,461.84 2 0
backend/internal/handlers/ingestion_handler.go:461.84,464.4 2 0
backend/internal/handlers/ingestion_handler.go:467.2,469.16 3 0
backend/internal/handlers/ingestion_handler.go:469.16,472.3 2 0
backend/internal/handlers/ingestion_handler.go:474.2,475.16 2 0
backend/internal/handlers/ingestion_handler.go:475.16,478.3 2 0
backend/internal/handlers/ingestion_handler.go:480.2,480.31 1 0
backend/internal/handlers/ingestion_handler.go:484.66,486.17 2 0
backend/internal/handlers/ingestion_handler.go:486.17,489.3 2 0
backend/internal/handlers/ingestion_handler.go:490.2,490.54 1 0
backend/internal/handlers/ingestion_handler.go:490.54,493.3 2 0
backend/internal/handlers/ingestion_handler.go:495.2,496.16 2 0
backend/internal/handlers/ingestion_handler.go:496.16,499.3 2 0
backend/internal/handlers/ingestion_handler.go:501.2,505.55 4 0
backend/internal/handlers/ingestion_handler.go:505.55,507.87 2 0
backend/internal/handlers/ingestion_handler.go:507.87,509.4 1 0
backend/internal/handlers/ingestion_handler.go:510.8,512.55 2 0
backend/internal/handlers/ingestion_handler.go:512.55,515.4 2 0
backend/internal/handlers/ingestion_handler.go:516.3,517.84 2 0
backend/internal/handlers/ingestion_handler.go:517.84,520.4 2 0
backend/internal/handlers/ingestion_handler.go:523.2,525.16 3 0
backend/internal/handlers/ingestion_handler.go:525.16,528.3 2 0
backend/internal/handlers/ingestion_handler.go:530.2,533.4 1 0
backend/internal/handlers/ingestion_handler.go:554.53,556.17 2 0
backend/internal/handlers/ingestion_handler.go:556.17,559.3 2 0
backend/internal/handlers/ingestion_handler.go:560.2,560.54 1 0
backend/internal/handlers/ingestion_handler.go:560.54,563.3 2 0
backend/internal/handlers/ingestion_handler.go:565.2,566.51 2 0
backend/internal/handlers/ingestion_handler.go:566.51,569.3 2 0
backend/internal/handlers/ingestion_handler.go:571.2,572.16 2 0
backend/internal/handlers/ingestion_handler.go:572.16,575.3 2 0
backend/internal/handlers/ingestion_handler.go:577.2,577.31 1 0
backend/internal/handlers/ingestion_handler.go:581.54,583.17 2 0
backend/internal/handlers/ingestion_handler.go:583.17,586.3 2 0
backend/internal/handlers/ingestion_handler.go:587.2,587.56 1 0
backend/internal/handlers/ingestion_handler.go:587.56,590.3 2 0
backend/internal/handlers/ingestion_handler.go:592.2,593.47 2 0
backend/internal/handlers/ingestion_handler.go:593.47,596.3 2 0
backend/internal/handlers/ingestion_handler.go:598.2,604.16 2 0
backend/internal/handlers/ingestion_handler.go:604.16,607.3 2 0
backend/internal/handlers/ingestion_handler.go:609.2,618.33 2 0
backend/internal/handlers/ingestion_handler.go:622.51,624.17 2 0
backend/internal/handlers/ingestion_handler.go:624.17,627.3 2 0
backend/internal/handlers/ingestion_handler.go:628.2,628.54 1 0
backend/internal/handlers/ingestion_handler.go:628.54,631.3 2 0
backend/internal/handlers/ingestion_handler.go:633.2,634.16 2 0
backend/internal/handlers/ingestion_handler.go:634.16,637.3 2 0
backend/internal/handlers/ingestion_handler.go:639.2,640.51 2 0
backend/internal/handlers/ingestion_handler.go:640.51,641.36 1 0
backend/internal/handlers/ingestion_handler.go:641.36,644.4 2 0
backend/internal/handlers/ingestion_handler.go:645.3,646.9 2 0
backend/internal/handlers/ingestion_handler.go:649.2,649.28 1 0
backend/internal/handlers/ingestion_handler.go:653.53,655.17 2 0
backend/internal/handlers/ingestion_handler.go:655.17,658.3 2 0
backend/internal/handlers/ingestion_handler.go:659.2,659.56 1 0
backend/internal/handlers/ingestion_handler.go:659.56,662.3 2 0
backend/internal/handlers/ingestion_handler.go:664.2,665.16 2 0
backend/internal/handlers/ingestion_handler.go:665.16,668.3 2 0
backend/internal/handlers/ingestion_handler.go:670.2,671.51 2 0
backend/internal/handlers/ingestion_handler.go:671.51,672.36 1 0
backend/internal/handlers/ingestion_handler.go:672.36,675.4 2 0
backend/internal/handlers/ingestion_handler.go:676.3,677.9 2 0
backend/internal/handlers/ingestion_handler.go:680.2,680.48 1 0
backend/internal/handlers/ingestion_handler.go:680.48,683.3 2 0
backend/internal/handlers/ingestion_handler.go:685.2,695.28 2 0
backend/internal/handlers/ingestion_handler.go:699.59,701.17 2 0
backend/internal/handlers/ingestion_handler.go:701.17,704.3 2 0
backend/internal/handlers/ingestion_handler.go:705.2,705.56 1 0
backend/internal/handlers/ingestion_handler.go:705.56,708.3 2 0
backend/internal/handlers/ingestion_handler.go:710.2,711.16 2 0
backend/internal/handlers/ingestion_handler.go:711.16,714.3 2 0
backend/internal/handlers/ingestion_handler.go:716.2,717.47 2 0
backend/internal/handlers/ingestion_handler.go:717.47,720.3 2 0
backend/internal/handlers/ingestion_handler.go:722.2,722.79 1 0
backend/internal/handlers/ingestion_handler.go:722.79,725.3 2 0
backend/internal/handlers/ingestion_handler.go:727.2,741.28 4 0
backend/internal/handlers/ingestion_handler.go:745.60,747.17 2 0
backend/internal/handlers/ingestion_handler.go:747.17,750.3 2 0
backend/internal/handlers/ingestion_handler.go:751.2,751.54 1 0
backend/internal/handlers/ingestion_handler.go:751.54,754.3 2 0
backend/internal/handlers/ingestion_handler.go:756.2,757.16 2 0
backend/internal/handlers/ingestion_handler.go:757.16,760.3 2 0
backend/internal/handlers/ingestion_handler.go:763.2,764.51 2 0
backend/internal/handlers/ingestion_handler.go:764.51,765.36 1 0
backend/internal/handlers/ingestion_handler.go:765.36,768.4 2 0
backend/internal/handlers/ingestion_handler.go:769.3,770.9 2 0
backend/internal/handlers/ingestion_handler.go:773.2,776.40 2 0
backend/internal/handlers/ingestion_handler.go:776.40,779.3 2 0
backend/internal/handlers/ingestion_handler.go:781.2,785.4 1 0
backend/internal/handlers/ingestion_handler.go:789.57,791.17 2 0
backend/internal/handlers/ingestion_handler.go:791.17,794.3 2 0
backend/internal/handlers/ingestion_handler.go:795.2,795.54 1 0
backend/internal/handlers/ingestion_handler.go:795.54,798.3 2 0
backend/internal/handlers/ingestion_handler.go:800.2,801.16 2 0
backend/internal/handlers/ingestion_handler.go:801.16,804.3 2 0
backend/internal/handlers/ingestion_handler.go:806.2,807.51 2 0
backend/internal/handlers/ingestion_handler.go:807.51,808.36 1 0
backend/internal/handlers/ingestion_handler.go:808.36,811.4 2 0
backend/internal/handlers/ingestion_handler.go:812.3,813.9 2 0
backend/internal/handlers/ingestion_handler.go:816.2,818.14 3 0
backend/internal/handlers/ingestion_handler.go:818.14,820.3 1 0
backend/internal/handlers/ingestion_handler.go:821.2,821.18 1 0
backend/internal/handlers/ingestion_handler.go:821.18,823.3 1 0
backend/internal/handlers/ingestion_handler.go:824.2,824.20 1 0
backend/internal/handlers/ingestion_handler.go:824.20,826.3 1 0
backend/internal/handlers/ingestion_handler.go:828.2,831.50 3 0
backend/internal/handlers/ingestion_handler.go:831.50,834.3 2 0
backend/internal/handlers/ingestion_handler.go:836.2,841.37 3 0
backend/internal/handlers/ingestion_handler.go:841.37,844.3 2 0
backend/internal/handlers/ingestion_handler.go:846.2,847.29 2 0
backend/internal/handlers/ingestion_handler.go:847.29,849.3 1 0
backend/internal/handlers/ingestion_handler.go:851.2,858.4 1 0
backend/internal/handlers/integration_handler.go:22.61,27.2 1 1
backend/internal/handlers/integration_handler.go:29.66,31.2 2 0
backend/internal/handlers/integration_handler.go:31.2,49.3 15 0
backend/internal/handlers/integration_handler.go:52.60,56.16 4 0
backend/internal/handlers/integration_handler.go:56.16,59.3 2 0
backend/internal/handlers/integration_handler.go:60.2,60.66 1 0
backend/internal/handlers/integration_handler.go:63.61,65.47 2 0
backend/internal/handlers/integration_handler.go:65.47,68.3 2 0
backend/internal/handlers/integration_handler.go:69.2,70.16 2 0
backend/internal/handlers/integration_handler.go:70.16,73.3 2 0
backend/internal/handlers/integration_handler.go:74.2,74.45 1 0
backend/internal/handlers/integration_handler.go:74.45,82.3 2 0
backend/internal/handlers/integration_handler.go:83.2,83.38 1 0
backend/internal/handlers/integration_handler.go:86.58,88.16 2 0
backend/internal/handlers/integration_handler.go:88.16,91.3 2 0
backend/internal/handlers/integration_handler.go:92.2,93.16 2 0
backend/internal/handlers/integration_handler.go:93.16,94.36 1 0
backend/internal/handlers/integration_handler.go:94.36,97.4 2 0
backend/internal/handlers/integration_handler.go:98.3,99.9 2 0
backend/internal/handlers/integration_handler.go:101.2,101.33 1 0
backend/internal/handlers/integration_handler.go:104.61,106.16 2 0
backend/internal/handlers/integration_handler.go:106.16,109.3 2 0
backend/internal/handlers/integration_handler.go:110.2,111.47 2 0
backend/internal/handlers/integration_handler.go:111.47,114.3 2 0
backend/internal/handlers/integration_handler.go:115.2,116.16 2 0
backend/internal/handlers/integration_handler.go:116.16,117.36 1 0
backend/internal/handlers/integration_handler.go:117.36,120.4 2 0
backend/internal/handlers/integration_handler.go:121.3,122.9 2 0
backend/internal/handlers/integration_handler.go:124.2,124.45 1 0
backend/internal/handlers/integration_handler.go:124.45,132.3 2 0
backend/internal/handlers/integration_handler.go:133.2,133.33 1 0
backend/internal/handlers/integration_handler.go:136.61,138.16 2 0
backend/internal/handlers/integration_handler.go:138.16,141.3 2 0
backend/internal/handlers/integration_handler.go:142.2,142.59 1 0
backend/internal/handlers/integration_handler.go:142.59,143.36 1 0
backend/internal/handlers/integration_handler.go:143.36,146.4 2 0
backend/internal/handlers/integration_handler.go:147.3,148.9 2 0
backend/internal/handlers/integration_handler.go:150.2,150.45 1 0
backend/internal/handlers/integration_handler.go:150.45,158.3 2 0
backend/internal/handlers/integration_handler.go:159.2,159.61 1 0
backend/internal/handlers/integration_handler.go:162.59,164.16 2 0
backend/internal/handlers/integration_handler.go:164.16,167.3 2 0
backend/internal/handlers/integration_handler.go:168.2,169.16 2 0
backend/internal/handlers/integration_handler.go:169.16,172.3 2 0
backend/internal/handlers/integration_handler.go:173.2,173.121 1 0
backend/internal/handlers/integration_handler.go:176.61,178.46 2 0
backend/internal/handlers/integration_handler.go:178.46,181.3 2 0
backend/internal/handlers/integration_handler.go:182.2,184.35 3 0
backend/internal/handlers/integration_handler.go:184.35,186.3 1 0
backend/internal/handlers/integration_handler.go:187.2,187.42 1 0
backend/internal/handlers/integration_handler.go:187.42,189.3 1 0
backend/internal/handlers/integration_handler.go:191.2,192.16 2 0
backend/internal/handlers/integration_handler.go:192.16,195.3 2 0
backend/internal/handlers/integration_handler.go:196.2,196.67 1 0
backend/internal/handlers/integration_handler.go:199.58,201.16 2 0
backend/internal/handlers/integration_handler.go:201.16,204.3 2 0
backend/internal/handlers/integration_handler.go:205.2,206.16 2 0
backend/internal/handlers/integration_handler.go:206.16,207.36 1 0
backend/internal/handlers/integration_handler.go:207.36,210.4 2 0
backend/internal/handlers/integration_handler.go:211.3,212.9 2 0
backend/internal/handlers/integration_handler.go:214.2,214.33 1 0
backend/internal/handlers/integration_handler.go:217.60,219.16 2 0
backend/internal/handlers/integration_handler.go:219.16,222.3 2 0
backend/internal/handlers/integration_handler.go:223.2,223.58 1 0
backend/internal/handlers/integration_handler.go:223.58,226.3 2 0
backend/internal/handlers/integration_handler.go:227.2,227.69 1 0
backend/internal/handlers/integration_handler.go:230.61,234.16 4 0
backend/internal/handlers/integration_handler.go:234.16,237.3 2 0
backend/internal/handlers/integration_handler.go:238.2,238.67 1 0
backend/internal/handlers/integration_handler.go:241.62,243.48 2 0
backend/internal/handlers/integration_handler.go:243.48,246.3 2 0
backend/internal/handlers/integration_handler.go:247.2,247.57 1 0
backend/internal/handlers/integration_handler.go:247.57,250.3 2 0
backend/internal/handlers/integration_handler.go:251.2,251.45 1 0
backend/internal/handlers/integration_handler.go:251.45,259.3 2 0
backend/internal/handlers/integration_handler.go:260.2,260.34 1 0
backend/internal/handlers/integration_handler.go:263.59,265.16 2 0
backend/internal/handlers/integration_handler.go:265.16,268.3 2 0
backend/internal/handlers/integration_handler.go:269.2,270.16 2 0
backend/internal/handlers/integration_handler.go:270.16,271.36 1 0
backend/internal/handlers/integration_handler.go:271.36,274.4 2 0
backend/internal/handlers/integration_handler.go:275.3,276.9 2 0
backend/internal/handlers/integration_handler.go:278.2,278.29 1 0
backend/internal/handlers/integration_handler.go:281.62,283.16 2 0
backend/internal/handlers/integration_handler.go:283.16,286.3 2 0
backend/internal/handlers/integration_handler.go:287.2,288.51 2 0
backend/internal/handlers/integration_handler.go:288.51,291.3 2 0
backend/internal/handlers/integration_handler.go:292.2,293.16 2 0
backend/internal/handlers/integration_handler.go:293.16,294.36 1 0
backend/internal/handlers/integration_handler.go:294.36,297.4 2 0
backend/internal/handlers/integration_handler.go:298.3,299.9 2 0
backend/internal/handlers/integration_handler.go:301.2,301.45 1 0
backend/internal/handlers/integration_handler.go:301.45,309.3 2 0
backend/internal/handlers/integration_handler.go:310.2,310.29 1 0
backend/internal/handlers/integration_handler.go:313.62,315.16 2 0
backend/internal/handlers/integration_handler.go:315.16,318.3 2 0
backend/internal/handlers/integration_handler.go:319.2,319.60 1 0
backend/internal/handlers/integration_handler.go:319.60,320.36 1 0
backend/internal/handlers/integration_handler.go:320.36,323.4 2 0
backend/internal/handlers/integration_handler.go:324.3,325.9 2 0
backend/internal/handlers/integration_handler.go:327.2,327.45 1 0
backend/internal/handlers/integration_handler.go:327.45,335.3 2 0
backend/internal/handlers/integration_handler.go:336.2,336.62 1 0
backend/internal/handlers/integration_handler.go:339.67,341.16 2 0
backend/internal/handlers/integration_handler.go:341.16,344.3 2 0
backend/internal/handlers/integration_handler.go:345.2,346.16 2 0
backend/internal/handlers/integration_handler.go:346.16,347.36 1 0
backend/internal/handlers/integration_handler.go:347.36,350.4 2 0
backend/internal/handlers/integration_handler.go:351.3,352.9 2 0
backend/internal/handlers/integration_handler.go:354.2,354.129 1 0
backend/internal/handlers/master_handler.go:30.51,36.2 1 1
backend/internal/handlers/master_handler.go:39.61,41.2 2 0
backend/internal/handlers/master_handler.go:41.2,51.3 9 0
backend/internal/handlers/master_handler.go:55.53,72.17 8 0
backend/internal/handlers/master_handler.go:72.17,77.38 4 0
backend/internal/handlers/master_handler.go:77.38,79.4 1 0
backend/internal/handlers/master_handler.go:82.2,83.16 2 0
backend/internal/handlers/master_handler.go:83.16,86.3 2 0
backend/internal/handlers/master_handler.go:88.2,90.4 1 0
backend/internal/handlers/master_handler.go:94.54,98.47 3 0
backend/internal/handlers/master_handler.go:98.47,101.3 2 0
backend/internal/handlers/master_handler.go:103.2,104.16 2 0
backend/internal/handlers/master_handler.go:104.16,107.3 2 0
backend/internal/handlers/master_handler.go:110.2,122.4 3 0
backend/internal/handlers/master_handler.go:126.51,131.27 3 0
backend/internal/handlers/master_handler.go:131.27,134.3 2 0
backend/internal/handlers/master_handler.go:136.2,136.23 1 0
backend/internal/handlers/master_handler.go:136.23,139.3 2 0
backend/internal/handlers/master_handler.go:141.2,142.16 2 0
backend/internal/handlers/master_handler.go:142.16,145.3 2 0
backend/internal/handlers/master_handler.go:147.2,156.25 3 0
backend/internal/handlers/master_handler.go:156.25,159.3 2 0
backend/internal/handlers/master_handler.go:160.2,160.30 1 0
backend/internal/handlers/master_handler.go:160.30,163.3 2 0
backend/internal/handlers/master_handler.go:166.2,166.37 1 0
backend/internal/handlers/master_handler.go:166.37,169.3 2 0
backend/internal/handlers/master_handler.go:171.2,173.4 1 0
backend/internal/handlers/master_handler.go:177.54,180.16 3 0
backend/internal/handlers/master_handler.go:180.16,182.3 1 0
backend/internal/handlers/master_handler.go:185.2,188.128 2 0
backend/internal/handlers/master_handler.go:188.128,191.3 2 0
backend/internal/handlers/master_handler.go:192.2,192.39 1 0
backend/internal/handlers/master_handler.go:192.39,195.3 2 0
backend/internal/handlers/master_handler.go:198.2,198.31 1 0
backend/internal/handlers/master_handler.go:198.31,201.3 2 0
backend/internal/handlers/master_handler.go:203.2,204.47 2 0
backend/internal/handlers/master_handler.go:204.47,207.3 2 0
backend/internal/handlers/master_handler.go:209.2,210.19 2 0
backend/internal/handlers/master_handler.go:210.19,213.3 2 0
backend/internal/handlers/master_handler.go:216.2,228.4 3 0
backend/internal/handlers/master_handler.go:232.58,235.16 3 0
backend/internal/handlers/master_handler.go:235.16,237.3 1 0
backend/internal/handlers/master_handler.go:239.2,242.47 2 0
backend/internal/handlers/master_handler.go:242.47,245.3 2 0
backend/internal/handlers/master_handler.go:248.2,248.31 1 0
backend/internal/handlers/master_handler.go:248.31,251.3 2 0
backend/internal/handlers/master_handler.go:253.2,255.19 3 0
backend/internal/handlers/master_handler.go:255.19,257.3 1 0
backend/internal/handlers/master_handler.go:259.2,259.82 1 0
backend/internal/handlers/master_handler.go:259.82,262.3 2 0
backend/internal/handlers/master_handler.go:265.2,277.4 2 0
backend/internal/handlers/master_handler.go:281.57,285.15 3 0
backend/internal/handlers/master_handler.go:285.15,288.3 2 0
backend/internal/handlers/master_handler.go:290.2,291.16 2 0
backend/internal/handlers/master_handler.go:291.16,294.3 2 0
backend/internal/handlers/master_handler.go:296.2,298.4 1 0
backend/internal/handlers/master_handler.go:302.55,306.16 3 0
backend/internal/handlers/master_handler.go:306.16,309.3 2 0
backend/internal/handlers/master_handler.go:310.2,313.32 2 0
backend/internal/handlers/master_handler.go:313.32,316.3 2 0
backend/internal/handlers/master_handler.go:318.2,319.16 2 0
backend/internal/handlers/master_handler.go:319.16,322.3 2 0
backend/internal/handlers/master_handler.go:324.2,325.19 2 0
backend/internal/handlers/master_handler.go:325.19,328.3 2 0
backend/internal/handlers/master_handler.go:331.2,343.54 4 0
backend/internal/handlers/master_handler.go:343.54,345.3 1 0
backend/internal/handlers/master_handler.go:345.8,345.62 1 0
backend/internal/handlers/master_handler.go:345.62,347.3 1 0
backend/internal/handlers/master_handler.go:347.8,349.3 1 0
backend/internal/handlers/master_handler.go:351.2,353.4 1 0
backend/internal/handlers/master_handler.go:357.58,359.16 2 0
backend/internal/handlers/master_handler.go:359.16,361.3 1 0
backend/internal/handlers/master_handler.go:363.2,372.60 3 0
backend/internal/handlers/master_handler.go:372.60,375.3 2 0
backend/internal/handlers/master_handler.go:377.2,377.19 1 0
backend/internal/handlers/master_handler.go:377.19,379.3 1 0
backend/internal/handlers/master_handler.go:381.2,383.4 1 0
backend/internal/handlers/master_handler.go:389.77,391.17 2 0
backend/internal/handlers/master_handler.go:391.17,393.3 1 0
backend/internal/handlers/master_handler.go:394.2,394.35 1 0
backend/internal/handlers/master_handler.go:394.35,396.3 1 0
backend/internal/handlers/master_handler.go:399.2,399.56 1 0
backend/internal/handlers/master_handler.go:399.56,401.3 1 0
backend/internal/handlers/master_handler.go:403.2,404.38 2 0
backend/internal/handlers/master_handler.go:404.38,407.3 1 0
backend/internal/handlers/master_handler.go:410.2,411.30 2 0
backend/internal/handlers/master_handler.go:411.30,413.3 1 0
backend/internal/handlers/master_handler.go:415.2,420.22 3 0
backend/internal/handlers/master_handler.go:420.22,422.3 1 0
backend/internal/handlers/master_handler.go:425.2,427.24 3 0
backend/internal/handlers/org_handler.go:24.45,29.2 1 1
backend/internal/handlers/org_handler.go:32.58,34.2 2 0
backend/internal/handlers/org_handler.go:34.2,42.3 7 0
backend/internal/handlers/org_handler.go:44.2,45.2 2 0
backend/internal/handlers/org_handler.go:45.2,48.3 2 0
backend/internal/handlers/org_handler.go:52.46,54.16 2 0
backend/internal/handlers/org_handler.go:54.16,57.3 2 0
backend/internal/handlers/org_handler.go:59.2,61.4 1 0
backend/internal/handlers/org_handler.go:65.48,67.16 2 0
backend/internal/handlers/org_handler.go:67.16,70.3 2 0
backend/internal/handlers/org_handler.go:73.2,75.42 3 0
backend/internal/handlers/org_handler.go:75.42,76.30 1 0
backend/internal/handlers/org_handler.go:76.30,79.4 2 0
backend/internal/handlers/org_handler.go:81.2,85.4 2 0
backend/internal/handlers/org_handler.go:89.49,91.47 2 0
backend/internal/handlers/org_handler.go:91.47,94.3 2 0
backend/internal/handlers/org_handler.go:96.2,97.16 2 0
backend/internal/handlers/org_handler.go:97.16,100.3 2 0
backend/internal/handlers/org_handler.go:103.2,115.4 3 0
backend/internal/handlers/org_handler.go:119.46,121.16 2 0
backend/internal/handlers/org_handler.go:121.16,123.3 1 0
backend/internal/handlers/org_handler.go:125.2,139.25 4 0
backend/internal/handlers/org_handler.go:139.25,142.3 2 0
backend/internal/handlers/org_handler.go:143.2,143.30 1 0
backend/internal/handlers/org_handler.go:143.30,146.3 2 0
backend/internal/handlers/org_handler.go:148.2,150.4 1 0
backend/internal/handlers/org_handler.go:154.49,156.16 2 0
backend/internal/handlers/org_handler.go:156.16,158.3 1 0
backend/internal/handlers/org_handler.go:160.2,161.47 2 0
backend/internal/handlers/org_handler.go:161.47,164.3 2 0
backend/internal/handlers/org_handler.go:166.2,167.19 2 0
backend/internal/handlers/org_handler.go:167.19,170.3 2 0
backend/internal/handlers/org_handler.go:173.2,185.4 3 0
backend/internal/handlers/org_handler.go:189.49,191.16 2 0
backend/internal/handlers/org_handler.go:191.16,193.3 1 0
backend/internal/handlers/org_handler.go:195.2,195.55 1 0
backend/internal/handlers/org_handler.go:195.55,198.3 2 0
backend/internal/handlers/org_handler.go:201.2,213.4 3 0
backend/internal/handlers/org_handler.go:217.52,219.47 2 0
backend/internal/handlers/org_handler.go:219.47,222.3 2 0
backend/internal/handlers/org_handler.go:224.2,225.19 2 0
backend/internal/handlers/org_handler.go:225.19,228.3 2 0
backend/internal/handlers/org_handler.go:230.2,230.75 1 0
backend/internal/handlers/org_handler.go:230.75,233.3 2 0
backend/internal/handlers/org_handler.go:236.2,237.19 2 0
backend/internal/handlers/org_handler.go:237.19,240.3 2 0
backend/internal/handlers/org_handler.go:243.2,244.17 2 0
backend/internal/handlers/org_handler.go:244.17,246.17 2 0
backend/internal/handlers/org_handler.go:246.17,249.4 2 0
backend/internal/handlers/org_handler.go:250.3,250.18 1 0
backend/internal/handlers/org_handler.go:254.2,269.4 2 0
backend/internal/handlers/org_handler.go:273.56,275.19 2 0
backend/internal/handlers/org_handler.go:275.19,278.3 2 0
backend/internal/handlers/org_handler.go:280.2,281.16 2 0
backend/internal/handlers/org_handler.go:281.16,284.3 2 0
backend/internal/handlers/org_handler.go:286.2,286.17 1 0
backend/internal/handlers/org_handler.go:286.17,295.3 2 0
backend/internal/handlers/org_handler.go:297.2,298.16 2 0
backend/internal/handlers/org_handler.go:298.16,301.3 2 0
backend/internal/handlers/org_handler.go:303.2,309.4 1 0
backend/internal/handlers/org_handler.go:313.52,314.49 1 0
backend/internal/handlers/org_handler.go:314.49,315.22 1 0
backend/internal/handlers/org_handler.go:316.22,317.64 1 0
backend/internal/handlers/org_handler.go:318.20,319.62 1 0
backend/internal/handlers/org_handler.go:320.19,321.62 1 0
backend/internal/handlers/org_handler.go:322.27,323.73 1 0
backend/internal/handlers/org_handler.go:324.20,325.63 1 0
backend/internal/handlers/org_handler.go:326.24,327.66 1 0
backend/internal/handlers/org_handler.go:328.11,329.73 1 0
backend/internal/handlers/org_handler.go:331.3,331.9 1 0
backend/internal/handlers/org_handler.go:333.2,333.48 1 0
backend/internal/handlers/org_handler.go:337.63,340.16 3 0
backend/internal/handlers/org_handler.go:340.16,343.3 2 0
backend/internal/handlers/org_handler.go:344.2,344.22 1 0
backend/internal/handlers/org_handler.go:348.45,350.17 2 0
backend/internal/handlers/org_handler.go:350.17,352.3 1 0
backend/internal/handlers/org_handler.go:353.2,353.12 1 0
backend/internal/handlers/playback_handler.go:24.55,29.2 1 1
backend/internal/handlers/playback_handler.go:31.63,33.2 2 0
backend/internal/handlers/playback_handler.go:33.2,44.3 10 0
backend/internal/handlers/playback_handler.go:47.53,49.51 2 0
backend/internal/handlers/playback_handler.go:49.51,52.3 2 0
backend/internal/handlers/playback_handler.go:53.2,54.16 2 0
backend/internal/handlers/playback_handler.go:54.16,57.3 2 0
backend/internal/handlers/playback_handler.go:58.2,58.31 1 0
backend/internal/handlers/playback_handler.go:61.55,63.47 2 0
backend/internal/handlers/playback_handler.go:63.47,66.3 2 0
backend/internal/handlers/playback_handler.go:68.2,69.16 2 0
backend/internal/handlers/playback_handler.go:69.16,72.3 2 0
backend/internal/handlers/playback_handler.go:74.2,74.45 1 0
backend/internal/handlers/playback_handler.go:74.45,82.3 2 0
backend/internal/handlers/playback_handler.go:84.2,84.35 1 0
backend/internal/handlers/playback_handler.go:87.52,89.16 2 0
backend/internal/handlers/playback_handler.go:89.16,92.3 2 0
backend/internal/handlers/playback_handler.go:93.2,94.16 2 0
backend/internal/handlers/playback_handler.go:94.16,95.49 1 0
backend/internal/handlers/playback_handler.go:95.49,98.4 2 0
backend/internal/handlers/playback_handler.go:99.3,100.9 2 0
backend/internal/handlers/playback_handler.go:102.2,102.30 1 0
backend/internal/handlers/playback_handler.go:105.55,107.16 2 0
backend/internal/handlers/playback_handler.go:107.16,110.3 2 0
backend/internal/handlers/playback_handler.go:112.2,113.51 2 0
backend/internal/handlers/playback_handler.go:113.51,116.3 2 0
backend/internal/handlers/playback_handler.go:118.2,119.16 2 0
backend/internal/handlers/playback_handler.go:119.16,120.49 1 0
backend/internal/handlers/playback_handler.go:120.49,123.4 2 0
backend/internal/handlers/playback_handler.go:124.3,125.9 2 0
backend/internal/handlers/playback_handler.go:128.2,128.45 1 0
backend/internal/handlers/playback_handler.go:128.45,136.3 2 0
backend/internal/handlers/playback_handler.go:138.2,138.30 1 0
backend/internal/handlers/playback_handler.go:141.55,143.16 2 0
backend/internal/handlers/playback_handler.go:143.16,146.3 2 0
backend/internal/handlers/playback_handler.go:148.2,148.56 1 0
backend/internal/handlers/playback_handler.go:148.56,149.49 1 0
backend/internal/handlers/playback_handler.go:149.49,152.4 2 0
backend/internal/handlers/playback_handler.go:153.3,154.9 2 0
backend/internal/handlers/playback_handler.go:157.2,157.45 1 0
backend/internal/handlers/playback_handler.go:157.45,165.3 2 0
backend/internal/handlers/playback_handler.go:167.2,167.64 1 0
backend/internal/handlers/playback_handler.go:170.55,172.16 2 0
backend/internal/handlers/playback_handler.go:172.16,175.3 2 0
backend/internal/handlers/playback_handler.go:177.2,178.16 2 0
backend/internal/handlers/playback_handler.go:178.16,181.3 2 0
backend/internal/handlers/playback_handler.go:183.2,183.27 1 0
backend/internal/handlers/playback_handler.go:183.27,186.3 2 0
backend/internal/handlers/playback_handler.go:188.2,188.68 1 0
backend/internal/handlers/playback_handler.go:188.68,191.3 2 0
backend/internal/handlers/playback_handler.go:193.2,193.25 1 0
backend/internal/handlers/playback_handler.go:196.55,198.16 2 0
backend/internal/handlers/playback_handler.go:198.16,201.3 2 0
backend/internal/handlers/playback_handler.go:203.2,204.16 2 0
backend/internal/handlers/playback_handler.go:204.16,207.3 2 0
backend/internal/handlers/playback_handler.go:209.2,209.30 1 0
backend/internal/handlers/playback_handler.go:209.30,212.3 2 0
backend/internal/handlers/playback_handler.go:214.2,214.71 1 0
backend/internal/handlers/playback_handler.go:214.71,217.3 2 0
backend/internal/handlers/playback_handler.go:219.2,219.28 1 0
backend/internal/handlers/playback_handler.go:222.55,224.16 2 0
backend/internal/handlers/playback_handler.go:224.16,227.3 2 0
backend/internal/handlers/playback_handler.go:229.2,230.16 2 0
backend/internal/handlers/playback_handler.go:230.16,233.3 2 0
backend/internal/handlers/playback_handler.go:235.2,237.27 2 0
backend/internal/handlers/playback_handler.go:237.27,239.43 2 0
backend/internal/handlers/playback_handler.go:239.43,241.4 1 0
backend/internal/handlers/playback_handler.go:244.2,244.51 1 0
backend/internal/handlers/playback_handler.go:244.51,246.21 2 0
backend/internal/handlers/playback_handler.go:246.21,248.4 1 0
backend/internal/handlers/playback_handler.go:251.2,251.22 1 0
backend/internal/handlers/playback_handler.go:251.22,254.3 2 0
backend/internal/handlers/playback_handler.go:256.2,257.21 2 0
backend/internal/handlers/playback_handler.go:257.21,264.3 2 0
backend/internal/handlers/playback_handler.go:266.2,271.4 1 0
backend/internal/handlers/playback_handler.go:274.56,276.16 2 0
backend/internal/handlers/playback_handler.go:276.16,279.3 2 0
backend/internal/handlers/playback_handler.go:281.2,282.17 2 0
backend/internal/handlers/playback_handler.go:282.17,285.3 2 0
backend/internal/handlers/playback_handler.go:287.2,288.16 2 0
backend/internal/handlers/playback_handler.go:288.16,291.3 2 0
backend/internal/handlers/playback_handler.go:293.2,293.31 1 0
backend/internal/handlers/playback_handler.go:293.31,296.3 2 0
backend/internal/handlers/playback_handler.go:298.2,299.20 2 0
backend/internal/handlers/playback_handler.go:299.20,302.3 2 0
backend/internal/handlers/playback_handler.go:304.2,305.21 2 0
backend/internal/handlers/playback_handler.go:305.21,308.3 2 0
backend/internal/handlers/playback_handler.go:310.2,311.73 2 0
backend/internal/handlers/playback_handler.go:314.63,317.2 2 0
backend/internal/handlers/report_handler.go:22.51,27.2 1 1
backend/internal/handlers/report_handler.go:29.61,31.2 2 0
backend/internal/handlers/report_handler.go:31.2,43.3 10 0
backend/internal/handlers/report_handler.go:46.55,48.35 2 0
backend/internal/handlers/report_handler.go:48.35,50.3 1 0
backend/internal/handlers/report_handler.go:51.2,51.42 1 0
backend/internal/handlers/report_handler.go:51.42,53.3 1 0
backend/internal/handlers/report_handler.go:54.2,54.47 1 0
backend/internal/handlers/report_handler.go:54.47,57.3 2 0
backend/internal/handlers/report_handler.go:59.2,60.16 2 0
backend/internal/handlers/report_handler.go:60.16,63.3 2 0
backend/internal/handlers/report_handler.go:65.2,65.66 1 0
backend/internal/handlers/report_handler.go:68.56,70.47 2 0
backend/internal/handlers/report_handler.go:70.47,73.3 2 0
backend/internal/handlers/report_handler.go:75.2,76.45 2 0
backend/internal/handlers/report_handler.go:76.45,78.3 1 0
backend/internal/handlers/report_handler.go:80.2,81.16 2 0
backend/internal/handlers/report_handler.go:81.16,84.3 2 0
backend/internal/handlers/report_handler.go:86.2,93.38 2 0
backend/internal/handlers/report_handler.go:96.53,98.16 2 0
backend/internal/handlers/report_handler.go:98.16,101.3 2 0
backend/internal/handlers/report_handler.go:103.2,104.16 2 0
backend/internal/handlers/report_handler.go:104.16,105.36 1 0
backend/internal/handlers/report_handler.go:105.36,108.4 2 0
backend/internal/handlers/report_handler.go:109.3,110.9 2 0
backend/internal/handlers/report_handler.go:113.2,113.33 1 0
backend/internal/handlers/report_handler.go:116.56,118.16 2 0
backend/internal/handlers/report_handler.go:118.16,121.3 2 0
backend/internal/handlers/report_handler.go:123.2,124.47 2 0
backend/internal/handlers/report_handler.go:124.47,127.3 2 0
backend/internal/handlers/report_handler.go:129.2,130.16 2 0
backend/internal/handlers/report_handler.go:130.16,131.36 1 0
backend/internal/handlers/report_handler.go:131.36,134.4 2 0
backend/internal/handlers/report_handler.go:135.3,136.9 2 0
backend/internal/handlers/report_handler.go:139.2,139.45 1 0
backend/internal/handlers/report_handler.go:139.45,147.3 2 0
backend/internal/handlers/report_handler.go:149.2,149.33 1 0
backend/internal/handlers/report_handler.go:152.56,154.16 2 0
backend/internal/handlers/report_handler.go:154.16,157.3 2 0
backend/internal/handlers/report_handler.go:159.2,159.59 1 0
backend/internal/handlers/report_handler.go:159.59,160.36 1 0
backend/internal/handlers/report_handler.go:160.36,163.4 2 0
backend/internal/handlers/report_handler.go:164.3,165.9 2 0
backend/internal/handlers/report_handler.go:168.2,168.45 1 0
backend/internal/handlers/report_handler.go:168.45,176.3 2 0
backend/internal/handlers/report_handler.go:178.2,178.65 1 0
backend/internal/handlers/report_handler.go:181.57,183.16 2 0
backend/internal/handlers/report_handler.go:183.16,186.3 2 0
backend/internal/handlers/report_handler.go:188.2,189.45 2 0
backend/internal/handlers/report_handler.go:189.45,191.3 1 0
backend/internal/handlers/report_handler.go:193.2,194.16 2 0
backend/internal/handlers/report_handler.go:194.16,197.3 2 0
backend/internal/handlers/report_handler.go:199.2,206.33 2 0
backend/internal/handlers/report_handler.go:209.50,211.46 2 0
backend/internal/handlers/report_handler.go:211.46,214.3 2 0
backend/internal/handlers/report_handler.go:215.2,218.35 4 0
backend/internal/handlers/report_handler.go:218.35,220.3 1 0
backend/internal/handlers/report_handler.go:221.2,221.42 1 0
backend/internal/handlers/report_handler.go:221.42,223.3 1 0
backend/internal/handlers/report_handler.go:226.2,229.34 4 0
backend/internal/handlers/report_handler.go:229.34,232.3 2 0
backend/internal/handlers/report_handler.go:234.2,235.16 2 0
backend/internal/handlers/report_handler.go:235.16,238.3 2 0
backend/internal/handlers/report_handler.go:240.2,240.61 1 0
backend/internal/handlers/report_handler.go:243.48,245.16 2 0
backend/internal/handlers/report_handler.go:245.16,248.3 2 0
backend/internal/handlers/report_handler.go:250.2,251.16 2 0
backend/internal/handlers/report_handler.go:251.16,252.36 1 0
backend/internal/handlers/report_handler.go:252.36,255.4 2 0
backend/internal/handlers/report_handler.go:256.3,257.9 2 0
backend/internal/handlers/report_handler.go:261.2,263.45 3 0
backend/internal/handlers/report_handler.go:263.45,265.3 1 0
backend/internal/handlers/report_handler.go:266.2,266.45 1 0
backend/internal/handlers/report_handler.go:266.45,268.3 1 0
backend/internal/handlers/report_handler.go:269.2,269.47 1 0
backend/internal/handlers/report_handler.go:269.47,271.3 1 0
backend/internal/handlers/report_handler.go:272.2,272.47 1 0
backend/internal/handlers/report_handler.go:272.47,274.3 1 0
backend/internal/handlers/report_handler.go:276.2,276.106 1 0
backend/internal/handlers/report_handler.go:276.106,279.3 2 0
backend/internal/handlers/report_handler.go:281.2,281.28 1 0
backend/internal/handlers/report_handler.go:284.53,286.16 2 0
backend/internal/handlers/report_handler.go:286.16,289.3 2 0
backend/internal/handlers/report_handler.go:291.2,293.45 3 0
backend/internal/handlers/report_handler.go:293.45,295.3 1 0
backend/internal/handlers/report_handler.go:296.2,296.45 1 0
backend/internal/handlers/report_handler.go:296.45,298.3 1 0
backend/internal/handlers/report_handler.go:299.2,299.47 1 0
backend/internal/handlers/report_handler.go:299.47,301.3 1 0
backend/internal/handlers/report_handler.go:302.2,302.47 1 0
backend/internal/handlers/report_handler.go:302.47,304.3 1 0
backend/internal/handlers/report_handler.go:306.2,306.106 1 0
backend/internal/handlers/report_handler.go:306.106,309.3 2 0
backend/internal/handlers/report_handler.go:311.2,312.16 2 0
backend/internal/handlers/report_handler.go:312.16,315.3 2 0
backend/internal/handlers/report_handler.go:317.2,324.18 2 0
backend/internal/handlers/report_handler.go:327.53,329.16 2 0
backend/internal/handlers/report_handler.go:329.16,332.3 2 0
backend/internal/handlers/report_handler.go:334.2,336.45 3 0
backend/internal/handlers/report_handler.go:336.45,338.3 1 0
backend/internal/handlers/report_handler.go:339.2,339.45 1 0
backend/internal/handlers/report_handler.go:339.45,341.3 1 0
backend/internal/handlers/report_handler.go:342.2,342.47 1 0
backend/internal/handlers/report_handler.go:342.47,344.3 1 0
backend/internal/handlers/report_handler.go:345.2,345.47 1 0
backend/internal/handlers/report_handler.go:345.47,347.3 1 0
backend/internal/handlers/report_handler.go:349.2,349.106 1 0
backend/internal/handlers/report_handler.go:349.106,352.3 2 0
backend/internal/handlers/report_handler.go:354.2,354.50 1 0
backend/internal/handlers/security_handler.go:22.55,27.2 1 1
backend/internal/handlers/security_handler.go:29.63,31.2 2 0
backend/internal/handlers/security_handler.go:31.2,56.3 19 0
backend/internal/handlers/security_handler.go:59.63,61.16 2 0
backend/internal/handlers/security_handler.go:61.16,64.3 2 0
backend/internal/handlers/security_handler.go:65.2,65.69 1 0
backend/internal/handlers/security_handler.go:68.64,70.49 2 0
backend/internal/handlers/security_handler.go:70.49,73.3 2 0
backend/internal/handlers/security_handler.go:74.2,74.63 1 0
backend/internal/handlers/security_handler.go:74.63,77.3 2 0
backend/internal/handlers/security_handler.go:78.2,78.45 1 0
backend/internal/handlers/security_handler.go:78.45,86.3 2 0
backend/internal/handlers/security_handler.go:87.2,87.35 1 0
backend/internal/handlers/security_handler.go:90.64,92.16 2 0
backend/internal/handlers/security_handler.go:92.16,95.3 2 0
backend/internal/handlers/security_handler.go:96.2,97.47 2 0
backend/internal/handlers/security_handler.go:97.47,100.3 2 0
backend/internal/handlers/security_handler.go:101.2,101.74 1 0
backend/internal/handlers/security_handler.go:101.74,102.36 1 0
backend/internal/handlers/security_handler.go:102.36,105.4 2 0
backend/internal/handlers/security_handler.go:106.3,107.9 2 0
backend/internal/handlers/security_handler.go:109.2,109.45 1 0
backend/internal/handlers/security_handler.go:109.45,117.3 2 0
backend/internal/handlers/security_handler.go:118.2,118.68 1 0
backend/internal/handlers/security_handler.go:121.64,123.16 2 0
backend/internal/handlers/security_handler.go:123.16,126.3 2 0
backend/internal/handlers/security_handler.go:127.2,127.65 1 0
backend/internal/handlers/security_handler.go:127.65,128.36 1 0
backend/internal/handlers/security_handler.go:128.36,131.4 2 0
backend/internal/handlers/security_handler.go:132.3,133.9 2 0
backend/internal/handlers/security_handler.go:135.2,135.45 1 0
backend/internal/handlers/security_handler.go:135.45,143.3 2 0
backend/internal/handlers/security_handler.go:144.2,144.72 1 0
backend/internal/handlers/security_handler.go:147.52,149.16 2 0
backend/internal/handlers/security_handler.go:149.16,152.3 2 0
backend/internal/handlers/security_handler.go:153.2,153.65 1 0
backend/internal/handlers/security_handler.go:156.50,158.16 2 0
backend/internal/handlers/security_handler.go:158.16,161.3 2 0
backend/internal/handlers/security_handler.go:162.2,163.16 2 0
backend/internal/handlers/security_handler.go:163.16,164.36 1 0
backend/internal/handlers/security_handler.go:164.36,167.4 2 0
backend/internal/handlers/security_handler.go:168.3,169.9 2 0
backend/internal/handlers/security_handler.go:171.2,171.28 1 0
backend/internal/handlers/security_handler.go:174.53,179.47 2 0
backend/internal/handlers/security_handler.go:179.47,182.3 2 0
backend/internal/handlers/security_handler.go:183.2,183.68 1 0
backend/internal/handlers/security_handler.go:183.68,186.3 2 0
backend/internal/handlers/security_handler.go:187.2,187.45 1 0
backend/internal/handlers/security_handler.go:187.45,195.3 2 0
backend/internal/handlers/security_handler.go:196.2,196.69 1 0
backend/internal/handlers/security_handler.go:199.69,203.16 4 0
backend/internal/handlers/security_handler.go:203.16,206.3 2 0
backend/internal/handlers/security_handler.go:207.2,207.65 1 0
backend/internal/handlers/security_handler.go:210.64,215.47 2 0
backend/internal/handlers/security_handler.go:215.47,218.3 2 0
backend/internal/handlers/security_handler.go:219.2,220.45 2 0
backend/internal/handlers/security_handler.go:220.45,222.3 1 0
backend/internal/handlers/security_handler.go:223.2,224.16 2 0
backend/internal/handlers/security_handler.go:224.16,227.3 2 0
backend/internal/handlers/security_handler.go:228.2,234.38 2 0
backend/internal/handlers/security_handler.go:237.64,239.16 2 0
backend/internal/handlers/security_handler.go:239.16,242.3 2 0
backend/internal/handlers/security_handler.go:243.2,244.45 2 0
backend/internal/handlers/security_handler.go:244.45,246.3 1 0
backend/internal/handlers/security_handler.go:247.2,248.16 2 0
backend/internal/handlers/security_handler.go:248.16,251.3 2 0
backend/internal/handlers/security_handler.go:252.2,258.133 2 0
backend/internal/handlers/security_handler.go:261.65,263.16 2 0
backend/internal/handlers/security_handler.go:263.16,266.3 2 0
backend/internal/handlers/security_handler.go:267.2,267.73 1 0
backend/internal/handlers/security_handler.go:270.65,272.50 2 0
backend/internal/handlers/security_handler.go:272.50,275.3 2 0
backend/internal/handlers/security_handler.go:276.2,276.65 1 0
backend/internal/handlers/security_handler.go:276.65,279.3 2 0
backend/internal/handlers/security_handler.go:280.2,280.45 1 0
backend/internal/handlers/security_handler.go:280.45,288.3 2 0
backend/internal/handlers/security_handler.go:289.2,289.36 1 0
backend/internal/handlers/security_handler.go:292.65,294.16 2 0
backend/internal/handlers/security_handler.go:294.16,297.3 2 0
backend/internal/handlers/security_handler.go:298.2,299.47 2 0
backend/internal/handlers/security_handler.go:299.47,302.3 2 0
backend/internal/handlers/security_handler.go:303.2,303.71 1 0
backend/internal/handlers/security_handler.go:303.71,304.36 1 0
backend/internal/handlers/security_handler.go:304.36,307.4 2 0
backend/internal/handlers/security_handler.go:308.3,309.9 2 0
backend/internal/handlers/security_handler.go:311.2,311.45 1 0
backend/internal/handlers/security_handler.go:311.45,319.3 2 0
backend/internal/handlers/security_handler.go:320.2,320.69 1 0
backend/internal/handlers/security_handler.go:323.58,325.16 2 0
backend/internal/handlers/security_handler.go:325.16,328.3 2 0
backend/internal/handlers/security_handler.go:329.2,329.67 1 0
[...]
backend/internal/playback/playback_service.go:100.34,102.3 1 0
backend/internal/playback/playback_service.go:104.2,105.36 2 0
backend/internal/playback/playback_service.go:105.36,107.3 1 0
backend/internal/playback/playback_service.go:109.2,115.8 1 0
backend/internal/playback/playback_service.go:119.91,120.21 1 0
backend/internal/playback/playback_service.go:120.21,122.3 1 0
backend/internal/playback/playback_service.go:125.2,125.24 1 0
backend/internal/playback/playback_service.go:125.24,126.42 1 0
backend/internal/playback/playback_service.go:126.42,128.4 1 0
backend/internal/playback/playback_service.go:131.2,144.50 2 0
backend/internal/playback/playback_service.go:144.50,146.3 1 0
backend/internal/playback/playback_service.go:148.2,148.20 1 0
backend/internal/playback/playback_service.go:152.73,154.53 2 0
backend/internal/playback/playback_service.go:154.53,155.36 1 0
backend/internal/playback/playback_service.go:155.36,157.4 1 0
backend/internal/playback/playback_service.go:158.3,158.63 1 0
backend/internal/playback/playback_service.go:160.2,160.20 1 0
backend/internal/playback/playback_service.go:164.108,166.53 2 0
backend/internal/playback/playback_service.go:166.53,167.36 1 0
backend/internal/playback/playback_service.go:167.36,169.4 1 0
backend/internal/playback/playback_service.go:170.3,170.63 1 0
backend/internal/playback/playback_service.go:173.2,173.66 1 0
backend/internal/playback/playback_service.go:173.66,175.3 1 0
backend/internal/playback/playback_service.go:178.2,178.53 1 0
backend/internal/playback/playback_service.go:178.53,180.3 1 0
backend/internal/playback/playback_service.go:182.2,182.20 1 0
backend/internal/playback/playback_service.go:186.54,190.25 2 0
backend/internal/playback/playback_service.go:190.25,192.3 1 0
backend/internal/playback/playback_service.go:193.2,193.30 1 0
backend/internal/playback/playback_service.go:193.30,195.3 1 0
backend/internal/playback/playback_service.go:196.2,196.12 1 0
backend/internal/playback/playback_service.go:200.67,205.2 1 0
backend/internal/playback/playback_service.go:208.46,210.42 2 0
backend/internal/playback/playback_service.go:210.42,211.15 1 0
backend/internal/playback/playback_service.go:211.15,213.4 1 0
backend/internal/playback/playback_service.go:215.2,215.14 1 0
backend/internal/playback/playback_service.go:219.49,233.2 2 0
backend/internal/rbac/rbac.go:67.50,69.9 2 1
backend/internal/rbac/rbac.go:69.9,71.3 1 1
backend/internal/rbac/rbac.go:72.2,72.26 1 1
backend/internal/rbac/rbac.go:76.51,78.26 2 0
backend/internal/rbac/rbac.go:78.26,80.3 1 0
backend/internal/rbac/rbac.go:82.2,82.30 1 0
backend/internal/rbac/rbac.go:82.30,84.20 2 0
backend/internal/rbac/rbac.go:84.20,87.4 2 0
backend/internal/rbac/rbac.go:89.3,89.28 1 0
backend/internal/rbac/rbac.go:89.28,92.4 2 0
backend/internal/rbac/rbac.go:94.3,94.11 1 0
backend/internal/rbac/rbac.go:99.59,100.30 1 0
backend/internal/rbac/rbac.go:100.30,102.20 2 0
backend/internal/rbac/rbac.go:102.20,105.4 2 0
backend/internal/rbac/rbac.go:107.3,107.46 1 0
backend/internal/rbac/rbac.go:107.46,110.4 2 0
backend/internal/rbac/rbac.go:112.3,112.11 1 0
backend/internal/rbac/rbac.go:119.44,120.30 1 0
backend/internal/rbac/rbac.go:120.30,122.18 2 0
backend/internal/rbac/rbac.go:122.18,125.4 2 0
backend/internal/rbac/rbac.go:128.3,128.31 1 0
backend/internal/rbac/rbac.go:128.31,131.4 2 0
backend/internal/rbac/rbac.go:134.3,134.57 1 0
backend/internal/rbac/rbac.go:134.57,137.4 2 0
backend/internal/rbac/rbac.go:139.3,139.11 1 0
backend/internal/rbac/rbac.go:145.66,146.30 1 0
backend/internal/rbac/rbac.go:146.30,148.18 2 0
backend/internal/rbac/rbac.go:148.18,151.4 2 0
backend/internal/rbac/rbac.go:153.3,153.54 1 0
backend/internal/rbac/rbac.go:153.54,156.4 2 0
backend/internal/rbac/rbac.go:158.3,158.11 1 0
backend/internal/rbac/scope.go:12.78,14.30 1 1
backend/internal/rbac/scope.go:14.30,16.3 1 1
backend/internal/rbac/scope.go:19.2,19.56 1 1
backend/internal/rbac/scope.go:19.56,21.3 1 1
backend/internal/rbac/scope.go:23.2,23.71 1 1
backend/internal/rbac/scope.go:23.71,24.35 1 1
backend/internal/rbac/scope.go:24.35,26.4 1 1
backend/internal/rbac/scope.go:29.2,29.83 1 1
backend/internal/rbac/scope.go:29.83,30.41 1 1
backend/internal/rbac/scope.go:30.41,32.4 1 1
backend/internal/rbac/scope.go:35.2,35.13 1 1
backend/internal/rbac/scope.go:40.66,42.2 1 0
backend/internal/rbac/scope.go:47.92,48.30 1 0
backend/internal/rbac/scope.go:48.30,50.3 1 0
backend/internal/rbac/scope.go:53.2,53.56 1 0
backend/internal/rbac/scope.go:53.56,55.3 1 0
backend/internal/rbac/scope.go:57.2,59.51 2 0
backend/internal/rbac/scope.go:59.51,61.3 1 0
backend/internal/rbac/scope.go:63.2,63.63 1 0
backend/internal/rbac/scope.go:63.63,65.3 1 0
backend/internal/rbac/scope.go:67.2,67.14 1 0
backend/internal/rbac/scope.go:72.69,78.21 3 0
backend/internal/rbac/scope.go:78.21,83.106 4 0
backend/internal/rbac/scope.go:83.106,85.4 1 0
backend/internal/rbac/scope.go:87.3,87.34 1 0
backend/internal/rbac/scope.go:87.34,90.4 2 0
backend/internal/rbac/scope.go:93.2,93.20 1 0
backend/internal/security/encryption.go:19.69,20.31 1 1
backend/internal/security/encryption.go:20.31,22.3 1 1
backend/internal/security/encryption.go:24.2,25.16 2 1
backend/internal/security/encryption.go:25.16,27.3 1 0
backend/internal/security/encryption.go:29.2,30.16 2 1
backend/internal/security/encryption.go:30.16,32.3 1 0
backend/internal/security/encryption.go:35.2,36.59 2 1
backend/internal/security/encryption.go:36.59,38.3 1 0
backend/internal/security/encryption.go:41.2,42.24 2 1
backend/internal/security/encryption.go:47.70,48.31 1 1
backend/internal/security/encryption.go:48.31,50.3 1 1
backend/internal/security/encryption.go:52.2,52.36 1 1
backend/internal/security/encryption.go:52.36,54.3 1 0
backend/internal/security/encryption.go:56.2,57.16 2 1
backend/internal/security/encryption.go:57.16,59.3 1 0
backend/internal/security/encryption.go:61.2,62.16 2 1
backend/internal/security/encryption.go:62.16,64.3 1 0
backend/internal/security/encryption.go:66.2,70.16 4 1
backend/internal/security/encryption.go:70.16,72.3 1 1
backend/internal/security/encryption.go:74.2,74.23 1 1
backend/internal/security/encryption.go:78.36,80.57 2 1
backend/internal/security/encryption.go:80.57,82.3 1 0
backend/internal/security/encryption.go:83.2,83.17 1 1
backend/internal/security/encryption.go:88.60,89.37 1 1
backend/internal/security/encryption.go:89.37,91.3 1 1
backend/internal/security/encryption.go:92.2,92.41 1 1
backend/internal/security/encryption.go:96.69,97.37 1 1
backend/internal/security/encryption.go:97.37,99.3 1 1
backend/internal/security/encryption.go:100.2,100.48 1 1
backend/internal/security/security_service.go:26.55,28.2 1 1
backend/internal/security/security_service.go:33.89,35.101 2 0
backend/internal/security/security_service.go:35.101,37.3 1 0
backend/internal/security/security_service.go:38.2,38.20 1 0
backend/internal/security/security_service.go:42.98,44.53 2 0
backend/internal/security/security_service.go:44.53,46.3 1 0
backend/internal/security/security_service.go:47.2,47.20 1 0
backend/internal/security/security_service.go:51.92,52.49 1 0
backend/internal/security/security_service.go:52.49,54.3 1 0
backend/internal/security/security_service.go:55.2,55.12 1 0
backend/internal/security/security_service.go:67.95,69.28 2 0
backend/internal/security/security_service.go:69.28,71.3 1 0
backend/internal/security/security_service.go:72.2,72.28 1 0
backend/internal/security/security_service.go:72.28,74.3 1 0
backend/internal/security/security_service.go:75.2,75.32 1 0
backend/internal/security/security_service.go:75.32,77.3 1 0
backend/internal/security/security_service.go:78.2,78.25 1 0
backend/internal/security/security_service.go:78.25,80.3 1 0
backend/internal/security/security_service.go:82.2,82.23 1 0
backend/internal/security/security_service.go:82.23,84.3 1 0
backend/internal/security/security_service.go:86.2,87.25 2 0
backend/internal/security/security_service.go:87.25,89.3 1 0
backend/internal/security/security_service.go:90.2,90.30 1 0
backend/internal/security/security_service.go:90.30,92.3 1 0
backend/internal/security/security_service.go:93.2,93.12 1 0
backend/internal/security/security_service.go:97.91,99.28 2 0
backend/internal/security/security_service.go:99.28,101.3 1 0
backend/internal/security/security_service.go:102.2,102.28 1 0
backend/internal/security/security_service.go:102.28,104.3 1 0
backend/internal/security/security_service.go:105.2,105.32 1 0
backend/internal/security/security_service.go:105.32,107.3 1 0
backend/internal/security/security_service.go:108.2,108.25 1 0
backend/internal/security/security_service.go:108.25,110.3 1 0
backend/internal/security/security_service.go:112.2,112.23 1 0
backend/internal/security/security_service.go:112.23,114.3 1 0
backend/internal/security/security_service.go:116.2,117.25 2 0
backend/internal/security/security_service.go:117.25,119.3 1 0
backend/internal/security/security_service.go:120.2,120.30 1 0
backend/internal/security/security_service.go:120.30,122.3 1 0
backend/internal/security/security_service.go:123.2,123.12 1 0
backend/internal/security/security_service.go:127.63,129.25 2 0
backend/internal/security/security_service.go:129.25,131.3 1 0
backend/internal/security/security_service.go:132.2,132.30 1 0
backend/internal/security/security_service.go:132.30,134.3 1 0
backend/internal/security/security_service.go:135.2,135.12 1 0
backend/internal/security/security_service.go:139.74,140.17 1 1
backend/internal/security/security_service.go:140.17,142.3 1 1
backend/internal/security/security_service.go:144.2,144.17 1 1
backend/internal/security/security_service.go:145.15,146.22 1 1
backend/internal/security/security_service.go:146.22,148.4 1 1
backend/internal/security/security_service.go:149.3,149.66 1 1
backend/internal/security/security_service.go:151.15,153.22 2 1
backend/internal/security/security_service.go:153.22,155.4 1 1
backend/internal/security/security_service.go:156.3,157.22 2 1
backend/internal/security/security_service.go:157.22,159.4 1 1
backend/internal/security/security_service.go:160.3,160.79 1 1
backend/internal/security/security_service.go:162.15,164.22 2 1
backend/internal/security/security_service.go:164.22,166.4 1 1
backend/internal/security/security_service.go:167.3,168.30 2 1
backend/internal/security/security_service.go:170.14,171.41 1 1
backend/internal/security/security_service.go:173.10,175.22 1 1
backend/internal/security/security_service.go:175.22,177.4 1 1
backend/internal/security/security_service.go:178.3,178.66 1 1
backend/internal/security/security_service.go:183.79,185.106 2 0
backend/internal/security/security_service.go:185.106,187.3 1 0
backend/internal/security/security_service.go:189.2,189.33 1 0
backend/internal/security/security_service.go:189.33,191.3 1 0
backend/internal/security/security_service.go:193.2,194.78 2 0
backend/internal/security/security_service.go:194.78,198.3 2 0
backend/internal/security/security_service.go:200.2,200.26 1 0
backend/internal/security/security_service.go:200.26,201.20 1 0
backend/internal/security/security_service.go:201.20,203.4 1 0
backend/internal/security/security_service.go:205.2,205.14 1 0
backend/internal/security/security_service.go:211.138,214.56 2 0
backend/internal/security/security_service.go:214.56,216.3 1 0
backend/internal/security/security_service.go:218.2,225.48 2 0
backend/internal/security/security_service.go:225.48,227.3 1 0
backend/internal/security/security_service.go:229.2,229.18 1 0
backend/internal/security/security_service.go:233.118,234.14 1 0
backend/internal/security/security_service.go:234.14,236.3 1 0
backend/internal/security/security_service.go:237.2,237.18 1 0
backend/internal/security/security_service.go:237.18,239.3 1 0
backend/internal/security/security_service.go:240.2,240.20 1 0
backend/internal/security/security_service.go:240.20,242.3 1 0
backend/internal/security/security_service.go:244.2,249.107 5 0
backend/internal/security/security_service.go:249.107,251.3 1 0
backend/internal/security/security_service.go:253.2,253.29 1 0
backend/internal/security/security_service.go:258.104,260.58 2 0
backend/internal/security/security_service.go:260.58,262.3 1 0
backend/internal/security/security_service.go:264.2,264.29 1 0
backend/internal/security/security_service.go:264.29,266.3 1 0
backend/internal/security/security_service.go:268.2,268.35 1 0
backend/internal/security/security_service.go:268.35,270.3 1 0
backend/internal/security/security_service.go:273.2,274.49 2 0
backend/internal/security/security_service.go:274.49,276.3 1 0
backend/internal/security/security_service.go:277.2,290.23 5 0
backend/internal/security/security_service.go:290.23,292.3 1 0
backend/internal/security/security_service.go:294.2,294.19 1 0
backend/internal/security/security_service.go:300.66,302.72 2 0
backend/internal/security/security_service.go:302.72,304.3 1 0
backend/internal/security/security_service.go:305.2,305.18 1 0
backend/internal/security/security_service.go:309.72,311.51 2 0
backend/internal/security/security_service.go:311.51,313.3 1 0
backend/internal/security/security_service.go:314.2,314.18 1 0
backend/internal/security/security_service.go:319.58,321.28 2 0
backend/internal/security/security_service.go:321.28,323.3 1 0
backend/internal/security/security_service.go:324.2,325.16 2 0
backend/internal/security/security_service.go:325.16,327.3 1 0
backend/internal/security/security_service.go:328.2,328.26 1 0
backend/internal/security/security_service.go:328.26,330.3 1 0
backend/internal/security/security_service.go:331.2,331.23 1 0
backend/internal/security/security_service.go:336.73,338.16 2 0
backend/internal/security/security_service.go:338.16,340.3 1 0
backend/internal/security/security_service.go:342.2,342.50 1 0
backend/internal/security/security_service.go:342.50,349.26 2 0
backend/internal/security/security_service.go:349.26,351.4 1 0
backend/internal/security/security_service.go:352.3,352.31 1 0
backend/internal/security/security_service.go:352.31,354.4 1 0
backend/internal/security/security_service.go:357.3,358.17 2 0
backend/internal/security/security_service.go:358.17,360.4 1 0
backend/internal/security/security_service.go:363.3,364.17 2 0
backend/internal/security/security_service.go:364.17,366.4 1 0
backend/internal/security/security_service.go:368.3,379.50 3 0
backend/internal/security/security_service.go:379.50,381.4 1 0
backend/internal/security/security_service.go:383.3,385.13 2 0
backend/internal/security/security_service.go:390.81,392.16 2 0
backend/internal/security/security_service.go:392.16,394.3 1 0
backend/internal/security/security_service.go:395.2,396.16 2 0
backend/internal/security/security_service.go:396.16,398.3 1 0
backend/internal/security/security_service.go:399.2,399.41 1 0
backend/internal/security/security_service.go:405.84,407.78 2 0
backend/internal/security/security_service.go:407.78,409.3 1 0
backend/internal/security/security_service.go:410.2,410.22 1 0
backend/internal/security/security_service.go:422.87,423.50 1 0
backend/internal/security/security_service.go:423.50,425.3 1 0
backend/internal/security/security_service.go:426.2,426.12 1 0
backend/internal/security/security_service.go:430.92,432.30 2 0
backend/internal/security/security_service.go:432.30,434.3 1 0
backend/internal/security/security_service.go:435.2,435.33 1 0
backend/internal/security/security_service.go:435.33,437.3 1 0
backend/internal/security/security_service.go:438.2,438.28 1 0
backend/internal/security/security_service.go:438.28,440.3 1 0
backend/internal/security/security_service.go:441.2,441.25 1 0
backend/internal/security/security_service.go:441.25,443.3 1 0
backend/internal/security/security_service.go:445.2,445.23 1 0
backend/internal/security/security_service.go:445.23,447.3 1 0
backend/internal/security/security_service.go:449.2,450.25 2 0
backend/internal/security/security_service.go:450.25,452.3 1 0
backend/internal/security/security_service.go:453.2,453.30 1 0
backend/internal/security/security_service.go:453.30,455.3 1 0
backend/internal/security/security_service.go:456.2,456.12 1 0
backend/internal/security/security_service.go:466.114,473.49 2 0
backend/internal/security/security_service.go:473.49,475.3 1 0
backend/internal/security/security_service.go:477.2,477.19 1 0
backend/internal/security/security_service.go:481.71,483.73 2 0
backend/internal/security/security_service.go:483.73,485.3 1 0
backend/internal/security/security_service.go:486.2,486.19 1 0
backend/internal/security/security_service.go:490.76,492.52 2 0
backend/internal/security/security_service.go:492.52,494.3 1 0
backend/internal/security/security_service.go:496.2,496.28 1 0
backend/internal/security/security_service.go:496.28,498.3 1 0
backend/internal/security/security_service.go:500.2,504.10 2 0
backend/internal/security/security_service.go:517.83,518.34 1 0
backend/internal/security/security_service.go:518.34,520.3 1 0
backend/internal/security/security_service.go:522.2,523.115 2 0
backend/internal/security/security_service.go:523.115,525.3 1 0
backend/internal/security/security_service.go:527.2,530.16 3 0
backend/internal/security/security_service.go:530.16,532.3 1 0
backend/internal/security/security_service.go:534.2,539.8 1 0
backend/internal/security/security_service.go:544.101,545.34 1 0
backend/internal/security/security_service.go:545.34,547.3 1 0
backend/internal/security/security_service.go:549.2,550.115 2 0
backend/internal/security/security_service.go:550.115,552.3 1 0
backend/internal/security/security_service.go:554.2,563.53 4 0
backend/internal/security/security_service.go:563.53,565.3 1 0
backend/internal/security/security_service.go:567.2,568.16 2 0
backend/internal/security/security_service.go:568.16,571.3 1 0
backend/internal/security/security_service.go:573.2,584.23 6 0
backend/internal/security/security_service.go:588.94,589.14 1 0
backend/internal/security/security_service.go:589.14,591.3 1 0
backend/internal/security/security_service.go:592.2,592.18 1 0
backend/internal/security/security_service.go:592.18,594.3 1 0
backend/internal/security/security_service.go:595.2,595.20 1 0
backend/internal/security/security_service.go:595.20,597.3 1 0
backend/internal/security/security_service.go:599.2,604.103 5 0
backend/internal/security/security_service.go:604.103,606.3 1 0
backend/internal/security/security_service.go:608.2,608.25 1 0
backend/internal/security/security_service.go:612.124,617.22 3 0
backend/internal/security/security_service.go:618.20,621.24 3 0
backend/internal/security/security_service.go:622.21,625.24 3 0
backend/internal/security/security_service.go:626.28,629.24 3 0
backend/internal/security/security_service.go:630.24,633.24 3 0
backend/internal/security/security_service.go:634.10,635.73 1 0
backend/internal/security/security_service.go:638.2,638.26 1 0
backend/internal/security/security_service.go:638.26,640.3 1 0
backend/internal/security/security_service.go:642.2,642.31 1 0
backend/internal/security/security_service.go:646.123,651.26 3 0
backend/internal/security/security_service.go:651.26,656.3 3 0
backend/internal/security/security_service.go:658.2,659.22 2 0
backend/internal/security/security_service.go:660.20,661.75 1 0
backend/internal/security/security_service.go:662.21,663.131 1 0
backend/internal/security/security_service.go:664.28,665.83 1 0
backend/internal/security/security_service.go:666.24,667.127 1 0
backend/internal/security/security_service.go:668.10,669.73 1 0
backend/internal/security/security_service.go:672.2,672.25 1 0
backend/internal/security/security_service.go:672.25,674.3 1 0
backend/internal/security/security_service.go:676.2,676.41 1 0
backend/internal/security/security_service.go:681.37,683.22 2 1
backend/internal/security/security_service.go:683.22,684.27 1 1
backend/internal/security/security_service.go:684.27,686.4 1 1
backend/internal/security/security_service.go:688.2,688.24 1 1
